[ 2016-03-10T17:06:50+08:00 ] ::1 /angularjs2/index.php/Home/Index/index
INFO: [ app_init ] --START--
INFO: Run Behavior\BuildLiteBehavior [ RunTime:0.000057s ]
INFO: [ app_init ] --END-- [ RunTime:0.001584s ]
INFO: [ app_begin ] --START--
INFO: Run Behavior\ReadHtmlCacheBehavior [ RunTime:0.000719s ]
INFO: [ app_begin ] --END-- [ RunTime:0.000870s ]
INFO: [ view_parse ] --START--
INFO: [ template_filter ] --START--
INFO: Run Behavior\ContentReplaceBehavior [ RunTime:0.000103s ]
INFO: [ template_filter ] --END-- [ RunTime:0.000224s ]
INFO: Run Behavior\ParseTemplateBehavior [ RunTime:0.010666s ]
INFO: [ view_parse ] --END-- [ RunTime:0.010818s ]
INFO: [ view_filter ] --START--
INFO: Run Behavior\WriteHtmlCacheBehavior [ RunTime:0.000167s ]
INFO: [ view_filter ] --END-- [ RunTime:0.000256s ]
INFO: [ app_end ] --START--
INFO: Run Behavior\ShowPageTraceBehavior [ RunTime:0.000537s ]
INFO: [ app_end ] --END-- [ RunTime:0.000633s ]

[ 2016-03-10T17:06:50+08:00 ] ::1 /angularjs2/index.php/Home/Index/tieList
INFO: [ app_init ] --START--
INFO: Run Behavior\BuildLiteBehavior [ RunTime:0.000031s ]
INFO: [ app_init ] --END-- [ RunTime:0.000529s ]
INFO: [ app_begin ] --START--
INFO: Run Behavior\ReadHtmlCacheBehavior [ RunTime:0.000504s ]
INFO: [ app_begin ] --END-- [ RunTime:0.000609s ]
NOTIC: [2048] Declaration of Common\Model\TieZiModel::add() should be compatible with Think\Model::add($data = '', $options = Array, $replace = false) /Applications/MAMP/htdocs/angularjs2/Application/Common/Model/TieZiModel.class.php 第 12 行.
SQL: SHOW COLUMNS FROM `bbs_tiezi` [ RunTime:0.0031s ]
SQL: SHOW COLUMNS FROM `bbs_tiezi` [ RunTime:0.0010s ]
SQL: SELECT t.*,u.name FROM bbs_tiezi as t LEFT JOIN bbs_user as u ON t.user_id = u.id  ORDER BY create_time desc LIMIT 0,3   [ RunTime:0.0037s ]
SQL: SHOW COLUMNS FROM `bbs_tiezi` [ RunTime:0.0010s ]
SQL: SELECT COUNT(*) AS tp_count FROM `bbs_tiezi` LIMIT 1   [ RunTime:0.0010s ]

[ 2016-03-10T17:06:53+08:00 ] ::1 /angularjs2/index.php/Home/Index/tieList
INFO: [ app_init ] --START--
INFO: Run Behavior\BuildLiteBehavior [ RunTime:0.000021s ]
INFO: [ app_init ] --END-- [ RunTime:0.000362s ]
INFO: [ app_begin ] --START--
INFO: Run Behavior\ReadHtmlCacheBehavior [ RunTime:0.000432s ]
INFO: [ app_begin ] --END-- [ RunTime:0.000531s ]
NOTIC: [2048] Declaration of Common\Model\TieZiModel::add() should be compatible with Think\Model::add($data = '', $options = Array, $replace = false) /Applications/MAMP/htdocs/angularjs2/Application/Common/Model/TieZiModel.class.php 第 12 行.
SQL: SHOW COLUMNS FROM `bbs_tiezi` [ RunTime:0.0019s ]
SQL: SHOW COLUMNS FROM `bbs_tiezi` [ RunTime:0.0009s ]
SQL: SELECT t.*,u.name FROM bbs_tiezi as t LEFT JOIN bbs_user as u ON t.user_id = u.id  ORDER BY create_time desc LIMIT 3,3   [ RunTime:0.0003s ]
SQL: SHOW COLUMNS FROM `bbs_tiezi` [ RunTime:0.0009s ]
SQL: SELECT COUNT(*) AS tp_count FROM `bbs_tiezi` LIMIT 1   [ RunTime:0.0002s ]

[ 2016-03-10T17:07:06+08:00 ] ::1 /angularjs2/index.php/Home/Index/index
INFO: [ app_init ] --START--
INFO: Run Behavior\BuildLiteBehavior [ RunTime:0.000032s ]
INFO: [ app_init ] --END-- [ RunTime:0.000503s ]
INFO: [ app_begin ] --START--
INFO: Run Behavior\ReadHtmlCacheBehavior [ RunTime:0.000504s ]
INFO: [ app_begin ] --END-- [ RunTime:0.000605s ]
INFO: [ view_parse ] --START--
INFO: [ template_filter ] --START--
INFO: Run Behavior\ContentReplaceBehavior [ RunTime:0.000099s ]
INFO: [ template_filter ] --END-- [ RunTime:0.000216s ]
INFO: Run Behavior\ParseTemplateBehavior [ RunTime:0.008083s ]
INFO: [ view_parse ] --END-- [ RunTime:0.008185s ]
INFO: [ view_filter ] --START--
INFO: Run Behavior\WriteHtmlCacheBehavior [ RunTime:0.000181s ]
INFO: [ view_filter ] --END-- [ RunTime:0.000283s ]
INFO: [ app_end ] --START--
INFO: Run Behavior\ShowPageTraceBehavior [ RunTime:0.000801s ]
INFO: [ app_end ] --END-- [ RunTime:0.000914s ]

[ 2016-03-10T17:07:06+08:00 ] ::1 /angularjs2/index.php/Home/Index/tieList
INFO: [ app_init ] --START--
INFO: Run Behavior\BuildLiteBehavior [ RunTime:0.000023s ]
INFO: [ app_init ] --END-- [ RunTime:0.000397s ]
INFO: [ app_begin ] --START--
INFO: Run Behavior\ReadHtmlCacheBehavior [ RunTime:0.000421s ]
INFO: [ app_begin ] --END-- [ RunTime:0.000515s ]
NOTIC: [2048] Declaration of Common\Model\TieZiModel::add() should be compatible with Think\Model::add($data = '', $options = Array, $replace = false) /Applications/MAMP/htdocs/angularjs2/Application/Common/Model/TieZiModel.class.php 第 12 行.
SQL: SHOW COLUMNS FROM `bbs_tiezi` [ RunTime:0.0009s ]
SQL: SHOW COLUMNS FROM `bbs_tiezi` [ RunTime:0.0007s ]
SQL: SELECT t.*,u.name FROM bbs_tiezi as t LEFT JOIN bbs_user as u ON t.user_id = u.id  ORDER BY create_time desc LIMIT 0,3   [ RunTime:0.0003s ]
SQL: SHOW COLUMNS FROM `bbs_tiezi` [ RunTime:0.0009s ]
SQL: SELECT COUNT(*) AS tp_count FROM `bbs_tiezi` LIMIT 1   [ RunTime:0.0002s ]

[ 2016-03-10T17:07:16+08:00 ] ::1 /angularjs2/index.php/Home/Index/tieList
INFO: [ app_init ] --START--
INFO: Run Behavior\BuildLiteBehavior [ RunTime:0.000035s ]
INFO: [ app_init ] --END-- [ RunTime:0.000583s ]
INFO: [ app_begin ] --START--
INFO: Run Behavior\ReadHtmlCacheBehavior [ RunTime:0.000541s ]
INFO: [ app_begin ] --END-- [ RunTime:0.000657s ]
NOTIC: [2048] Declaration of Common\Model\TieZiModel::add() should be compatible with Think\Model::add($data = '', $options = Array, $replace = false) /Applications/MAMP/htdocs/angularjs2/Application/Common/Model/TieZiModel.class.php 第 12 行.
SQL: SHOW COLUMNS FROM `bbs_tiezi` [ RunTime:0.0020s ]
SQL: SHOW COLUMNS FROM `bbs_tiezi` [ RunTime:0.0008s ]
SQL: SELECT t.*,u.name FROM bbs_tiezi as t LEFT JOIN bbs_user as u ON t.user_id = u.id  ORDER BY create_time desc LIMIT 3,3   [ RunTime:0.0004s ]
SQL: SHOW COLUMNS FROM `bbs_tiezi` [ RunTime:0.0008s ]
SQL: SELECT COUNT(*) AS tp_count FROM `bbs_tiezi` LIMIT 1   [ RunTime:0.0001s ]

[ 2016-03-10T17:07:17+08:00 ] ::1 /angularjs2/index.php/Home/Index/tieList
INFO: [ app_init ] --START--
INFO: Run Behavior\BuildLiteBehavior [ RunTime:0.000022s ]
INFO: [ app_init ] --END-- [ RunTime:0.000364s ]
INFO: [ app_begin ] --START--
INFO: Run Behavior\ReadHtmlCacheBehavior [ RunTime:0.000407s ]
INFO: [ app_begin ] --END-- [ RunTime:0.000499s ]
NOTIC: [2048] Declaration of Common\Model\TieZiModel::add() should be compatible with Think\Model::add($data = '', $options = Array, $replace = false) /Applications/MAMP/htdocs/angularjs2/Application/Common/Model/TieZiModel.class.php 第 12 行.
SQL: SHOW COLUMNS FROM `bbs_tiezi` [ RunTime:0.0016s ]
SQL: SHOW COLUMNS FROM `bbs_tiezi` [ RunTime:0.0010s ]
SQL: SELECT t.*,u.name FROM bbs_tiezi as t LEFT JOIN bbs_user as u ON t.user_id = u.id  ORDER BY create_time desc LIMIT 0,3   [ RunTime:0.0004s ]
SQL: SHOW COLUMNS FROM `bbs_tiezi` [ RunTime:0.0009s ]
SQL: SELECT COUNT(*) AS tp_count FROM `bbs_tiezi` LIMIT 1   [ RunTime:0.0002s ]

[ 2016-03-10T17:07:18+08:00 ] ::1 /angularjs2/index.php/Home/Index/index
INFO: [ app_init ] --START--
INFO: Run Behavior\BuildLiteBehavior [ RunTime:0.000021s ]
INFO: [ app_init ] --END-- [ RunTime:0.000371s ]
INFO: [ app_begin ] --START--
INFO: Run Behavior\ReadHtmlCacheBehavior [ RunTime:0.000442s ]
INFO: [ app_begin ] --END-- [ RunTime:0.000556s ]
INFO: [ view_parse ] --START--
INFO: [ template_filter ] --START--
INFO: Run Behavior\ContentReplaceBehavior [ RunTime:0.000085s ]
INFO: [ template_filter ] --END-- [ RunTime:0.000200s ]
INFO: Run Behavior\ParseTemplateBehavior [ RunTime:0.007157s ]
INFO: [ view_parse ] --END-- [ RunTime:0.007255s ]
INFO: [ view_filter ] --START--
INFO: Run Behavior\WriteHtmlCacheBehavior [ RunTime:0.000163s ]
INFO: [ view_filter ] --END-- [ RunTime:0.000247s ]
INFO: [ app_end ] --START--
INFO: Run Behavior\ShowPageTraceBehavior [ RunTime:0.000478s ]
INFO: [ app_end ] --END-- [ RunTime:0.000579s ]

[ 2016-03-10T17:07:19+08:00 ] ::1 /angularjs2/index.php/Home/Index/tieList
INFO: [ app_init ] --START--
INFO: Run Behavior\BuildLiteBehavior [ RunTime:0.000024s ]
INFO: [ app_init ] --END-- [ RunTime:0.000383s ]
INFO: [ app_begin ] --START--
INFO: Run Behavior\ReadHtmlCacheBehavior [ RunTime:0.000428s ]
INFO: [ app_begin ] --END-- [ RunTime:0.000524s ]
NOTIC: [2048] Declaration of Common\Model\TieZiModel::add() should be compatible with Think\Model::add($data = '', $options = Array, $replace = false) /Applications/MAMP/htdocs/angularjs2/Application/Common/Model/TieZiModel.class.php 第 12 行.
SQL: SHOW COLUMNS FROM `bbs_tiezi` [ RunTime:0.0017s ]
SQL: SHOW COLUMNS FROM `bbs_tiezi` [ RunTime:0.0010s ]
SQL: SELECT t.*,u.name FROM bbs_tiezi as t LEFT JOIN bbs_user as u ON t.user_id = u.id  ORDER BY create_time desc LIMIT 0,3   [ RunTime:0.0003s ]
SQL: SHOW COLUMNS FROM `bbs_tiezi` [ RunTime:0.0008s ]
SQL: SELECT COUNT(*) AS tp_count FROM `bbs_tiezi` LIMIT 1   [ RunTime:0.0002s ]

[ 2016-03-10T17:08:29+08:00 ] ::1 /angularjs2/index.php/Home/Index/index
INFO: [ app_init ] --START--
INFO: Run Behavior\BuildLiteBehavior [ RunTime:0.000030s ]
INFO: [ app_init ] --END-- [ RunTime:0.000509s ]
INFO: [ app_begin ] --START--
INFO: Run Behavior\ReadHtmlCacheBehavior [ RunTime:0.000489s ]
INFO: [ app_begin ] --END-- [ RunTime:0.000591s ]
INFO: [ view_parse ] --START--
INFO: [ template_filter ] --START--
INFO: Run Behavior\ContentReplaceBehavior [ RunTime:0.000124s ]
INFO: [ template_filter ] --END-- [ RunTime:0.000247s ]
INFO: Run Behavior\ParseTemplateBehavior [ RunTime:0.007568s ]
INFO: [ view_parse ] --END-- [ RunTime:0.007670s ]
INFO: [ view_filter ] --START--
INFO: Run Behavior\WriteHtmlCacheBehavior [ RunTime:0.000171s ]
INFO: [ view_filter ] --END-- [ RunTime:0.000269s ]
INFO: [ app_end ] --START--
INFO: Run Behavior\ShowPageTraceBehavior [ RunTime:0.000521s ]
INFO: [ app_end ] --END-- [ RunTime:0.000620s ]

[ 2016-03-10T17:08:29+08:00 ] ::1 /angularjs2/index.php/Home/Index/tieList
INFO: [ app_init ] --START--
INFO: Run Behavior\BuildLiteBehavior [ RunTime:0.000023s ]
INFO: [ app_init ] --END-- [ RunTime:0.000375s ]
INFO: [ app_begin ] --START--
INFO: Run Behavior\ReadHtmlCacheBehavior [ RunTime:0.000425s ]
INFO: [ app_begin ] --END-- [ RunTime:0.000524s ]
NOTIC: [2048] Declaration of Common\Model\TieZiModel::add() should be compatible with Think\Model::add($data = '', $options = Array, $replace = false) /Applications/MAMP/htdocs/angularjs2/Application/Common/Model/TieZiModel.class.php 第 12 行.
SQL: SHOW COLUMNS FROM `bbs_tiezi` [ RunTime:0.0010s ]
SQL: SHOW COLUMNS FROM `bbs_tiezi` [ RunTime:0.0009s ]
SQL: SELECT t.*,u.name FROM bbs_tiezi as t LEFT JOIN bbs_user as u ON t.user_id = u.id  ORDER BY create_time desc LIMIT 0,3   [ RunTime:0.0003s ]
SQL: SHOW COLUMNS FROM `bbs_tiezi` [ RunTime:0.0009s ]
SQL: SELECT COUNT(*) AS tp_count FROM `bbs_tiezi` LIMIT 1   [ RunTime:0.0002s ]

[ 2016-03-10T17:09:00+08:00 ] ::1 /angularjs2/index.php/Home/Index/tieList
INFO: [ app_init ] --START--
INFO: Run Behavior\BuildLiteBehavior [ RunTime:0.000024s ]
INFO: [ app_init ] --END-- [ RunTime:0.000385s ]
INFO: [ app_begin ] --START--
INFO: Run Behavior\ReadHtmlCacheBehavior [ RunTime:0.000436s ]
INFO: [ app_begin ] --END-- [ RunTime:0.000536s ]
NOTIC: [2048] Declaration of Common\Model\TieZiModel::add() should be compatible with Think\Model::add($data = '', $options = Array, $replace = false) /Applications/MAMP/htdocs/angularjs2/Application/Common/Model/TieZiModel.class.php 第 12 行.
SQL: SHOW COLUMNS FROM `bbs_tiezi` [ RunTime:0.0018s ]
SQL: SHOW COLUMNS FROM `bbs_tiezi` [ RunTime:0.0014s ]
SQL: SELECT t.*,u.name FROM bbs_tiezi as t LEFT JOIN bbs_user as u ON t.user_id = u.id  ORDER BY create_time desc LIMIT 18,3   [ RunTime:0.0004s ]
SQL: SHOW COLUMNS FROM `bbs_tiezi` [ RunTime:0.0008s ]
SQL: SELECT COUNT(*) AS tp_count FROM `bbs_tiezi` LIMIT 1   [ RunTime:0.0002s ]

[ 2016-03-10T17:09:00+08:00 ] ::1 /angularjs2/index.php/Home/Index/tieList
INFO: [ app_init ] --START--
INFO: Run Behavior\BuildLiteBehavior [ RunTime:0.000030s ]
INFO: [ app_init ] --END-- [ RunTime:0.000503s ]
INFO: [ app_begin ] --START--
INFO: Run Behavior\ReadHtmlCacheBehavior [ RunTime:0.000471s ]
INFO: [ app_begin ] --END-- [ RunTime:0.000578s ]
NOTIC: [2048] Declaration of Common\Model\TieZiModel::add() should be compatible with Think\Model::add($data = '', $options = Array, $replace = false) /Applications/MAMP/htdocs/angularjs2/Application/Common/Model/TieZiModel.class.php 第 12 行.
SQL: SHOW COLUMNS FROM `bbs_tiezi` [ RunTime:0.0009s ]
SQL: SHOW COLUMNS FROM `bbs_tiezi` [ RunTime:0.0007s ]
SQL: SELECT t.*,u.name FROM bbs_tiezi as t LEFT JOIN bbs_user as u ON t.user_id = u.id  ORDER BY create_time desc LIMIT 18,3   [ RunTime:0.0003s ]
SQL: SHOW COLUMNS FROM `bbs_tiezi` [ RunTime:0.0007s ]
SQL: SELECT COUNT(*) AS tp_count FROM `bbs_tiezi` LIMIT 1   [ RunTime:0.0002s ]

[ 2016-03-10T17:09:03+08:00 ] ::1 /angularjs2/index.php/Home/Index/tieList
INFO: [ app_init ] --START--
INFO: Run Behavior\BuildLiteBehavior [ RunTime:0.000024s ]
INFO: [ app_init ] --END-- [ RunTime:0.000381s ]
INFO: [ app_begin ] --START--
INFO: Run Behavior\ReadHtmlCacheBehavior [ RunTime:0.000421s ]
INFO: [ app_begin ] --END-- [ RunTime:0.000515s ]
NOTIC: [2048] Declaration of Common\Model\TieZiModel::add() should be compatible with Think\Model::add($data = '', $options = Array, $replace = false) /Applications/MAMP/htdocs/angularjs2/Application/Common/Model/TieZiModel.class.php 第 12 行.
SQL: SHOW COLUMNS FROM `bbs_tiezi` [ RunTime:0.0011s ]
SQL: SHOW COLUMNS FROM `bbs_tiezi` [ RunTime:0.0008s ]
SQL: SELECT t.*,u.name FROM bbs_tiezi as t LEFT JOIN bbs_user as u ON t.user_id = u.id  ORDER BY create_time desc LIMIT 15,3   [ RunTime:0.0004s ]
SQL: SHOW COLUMNS FROM `bbs_tiezi` [ RunTime:0.0010s ]
SQL: SELECT COUNT(*) AS tp_count FROM `bbs_tiezi` LIMIT 1   [ RunTime:0.0002s ]

[ 2016-03-10T17:09:05+08:00 ] ::1 /angularjs2/index.php/Home/Index/tieList
INFO: [ app_init ] --START--
INFO: Run Behavior\BuildLiteBehavior [ RunTime:0.000023s ]
INFO: [ app_init ] --END-- [ RunTime:0.000379s ]
INFO: [ app_begin ] --START--
INFO: Run Behavior\ReadHtmlCacheBehavior [ RunTime:0.000420s ]
INFO: [ app_begin ] --END-- [ RunTime:0.000514s ]
NOTIC: [2048] Declaration of Common\Model\TieZiModel::add() should be compatible with Think\Model::add($data = '', $options = Array, $replace = false) /Applications/MAMP/htdocs/angularjs2/Application/Common/Model/TieZiModel.class.php 第 12 行.
SQL: SHOW COLUMNS FROM `bbs_tiezi` [ RunTime:0.0014s ]
SQL: SHOW COLUMNS FROM `bbs_tiezi` [ RunTime:0.0008s ]
SQL: SELECT t.*,u.name FROM bbs_tiezi as t LEFT JOIN bbs_user as u ON t.user_id = u.id  ORDER BY create_time desc LIMIT 12,3   [ RunTime:0.0007s ]
SQL: SHOW COLUMNS FROM `bbs_tiezi` [ RunTime:0.0012s ]
SQL: SELECT COUNT(*) AS tp_count FROM `bbs_tiezi` LIMIT 1   [ RunTime:0.0002s ]

[ 2016-03-10T17:09:06+08:00 ] ::1 /angularjs2/index.php/Home/Index/tieList
INFO: [ app_init ] --START--
INFO: Run Behavior\BuildLiteBehavior [ RunTime:0.000021s ]
INFO: [ app_init ] --END-- [ RunTime:0.000374s ]
INFO: [ app_begin ] --START--
INFO: Run Behavior\ReadHtmlCacheBehavior [ RunTime:0.000407s ]
INFO: [ app_begin ] --END-- [ RunTime:0.000514s ]
NOTIC: [2048] Declaration of Common\Model\TieZiModel::add() should be compatible with Think\Model::add($data = '', $options = Array, $replace = false) /Applications/MAMP/htdocs/angularjs2/Application/Common/Model/TieZiModel.class.php 第 12 行.
SQL: SHOW COLUMNS FROM `bbs_tiezi` [ RunTime:0.0015s ]
SQL: SHOW COLUMNS FROM `bbs_tiezi` [ RunTime:0.0009s ]
SQL: SELECT t.*,u.name FROM bbs_tiezi as t LEFT JOIN bbs_user as u ON t.user_id = u.id  ORDER BY create_time desc LIMIT 9,3   [ RunTime:0.0003s ]
SQL: SHOW COLUMNS FROM `bbs_tiezi` [ RunTime:0.0008s ]
SQL: SELECT COUNT(*) AS tp_count FROM `bbs_tiezi` LIMIT 1   [ RunTime:0.0002s ]

[ 2016-03-10T17:09:11+08:00 ] ::1 /angularjs2/index.php/Home/Index/index
INFO: [ app_init ] --START--
INFO: Run Behavior\BuildLiteBehavior [ RunTime:0.000034s ]
INFO: [ app_init ] --END-- [ RunTime:0.000617s ]
INFO: [ app_begin ] --START--
INFO: Run Behavior\ReadHtmlCacheBehavior [ RunTime:0.000552s ]
INFO: [ app_begin ] --END-- [ RunTime:0.000668s ]
INFO: [ view_parse ] --START--
INFO: [ template_filter ] --START--
INFO: Run Behavior\ContentReplaceBehavior [ RunTime:0.000135s ]
INFO: [ template_filter ] --END-- [ RunTime:0.000351s ]
INFO: Run Behavior\ParseTemplateBehavior [ RunTime:0.008262s ]
INFO: [ view_parse ] --END-- [ RunTime:0.008377s ]
INFO: [ view_filter ] --START--
INFO: Run Behavior\WriteHtmlCacheBehavior [ RunTime:0.000217s ]
INFO: [ view_filter ] --END-- [ RunTime:0.000317s ]
INFO: [ app_end ] --START--
INFO: Run Behavior\ShowPageTraceBehavior [ RunTime:0.000536s ]
INFO: [ app_end ] --END-- [ RunTime:0.000632s ]

[ 2016-03-10T17:09:12+08:00 ] ::1 /angularjs2/index.php/Home/Index/tieList
INFO: [ app_init ] --START--
INFO: Run Behavior\BuildLiteBehavior [ RunTime:0.000024s ]
INFO: [ app_init ] --END-- [ RunTime:0.000401s ]
INFO: [ app_begin ] --START--
INFO: Run Behavior\ReadHtmlCacheBehavior [ RunTime:0.000446s ]
INFO: [ app_begin ] --END-- [ RunTime:0.000545s ]
NOTIC: [2048] Declaration of Common\Model\TieZiModel::add() should be compatible with Think\Model::add($data = '', $options = Array, $replace = false) /Applications/MAMP/htdocs/angularjs2/Application/Common/Model/TieZiModel.class.php 第 12 行.
SQL: SHOW COLUMNS FROM `bbs_tiezi` [ RunTime:0.0012s ]
SQL: SHOW COLUMNS FROM `bbs_tiezi` [ RunTime:0.0008s ]
SQL: SELECT t.*,u.name FROM bbs_tiezi as t LEFT JOIN bbs_user as u ON t.user_id = u.id  ORDER BY create_time desc LIMIT 0,3   [ RunTime:0.0003s ]
SQL: SHOW COLUMNS FROM `bbs_tiezi` [ RunTime:0.0007s ]
SQL: SELECT COUNT(*) AS tp_count FROM `bbs_tiezi` LIMIT 1   [ RunTime:0.0002s ]

[ 2016-03-10T17:09:15+08:00 ] ::1 /angularjs2/index.php/Home/Index/tieList
INFO: [ app_init ] --START--
INFO: Run Behavior\BuildLiteBehavior [ RunTime:0.000022s ]
INFO: [ app_init ] --END-- [ RunTime:0.000389s ]
INFO: [ app_begin ] --START--
INFO: Run Behavior\ReadHtmlCacheBehavior [ RunTime:0.000411s ]
INFO: [ app_begin ] --END-- [ RunTime:0.000505s ]
NOTIC: [2048] Declaration of Common\Model\TieZiModel::add() should be compatible with Think\Model::add($data = '', $options = Array, $replace = false) /Applications/MAMP/htdocs/angularjs2/Application/Common/Model/TieZiModel.class.php 第 12 行.
SQL: SHOW COLUMNS FROM `bbs_tiezi` [ RunTime:0.0014s ]
SQL: SHOW COLUMNS FROM `bbs_tiezi` [ RunTime:0.0009s ]
SQL: SELECT t.*,u.name FROM bbs_tiezi as t LEFT JOIN bbs_user as u ON t.user_id = u.id  ORDER BY create_time desc LIMIT 18,3   [ RunTime:0.0003s ]
SQL: SHOW COLUMNS FROM `bbs_tiezi` [ RunTime:0.0008s ]
SQL: SELECT COUNT(*) AS tp_count FROM `bbs_tiezi` LIMIT 1   [ RunTime:0.0002s ]

[ 2016-03-10T17:09:15+08:00 ] ::1 /angularjs2/index.php/Home/Index/tieList
INFO: [ app_init ] --START--
INFO: Run Behavior\BuildLiteBehavior [ RunTime:0.000028s ]
INFO: [ app_init ] --END-- [ RunTime:0.000503s ]
INFO: [ app_begin ] --START--
INFO: Run Behavior\ReadHtmlCacheBehavior [ RunTime:0.000473s ]
INFO: [ app_begin ] --END-- [ RunTime:0.000585s ]
NOTIC: [2048] Declaration of Common\Model\TieZiModel::add() should be compatible with Think\Model::add($data = '', $options = Array, $replace = false) /Applications/MAMP/htdocs/angularjs2/Application/Common/Model/TieZiModel.class.php 第 12 行.
SQL: SHOW COLUMNS FROM `bbs_tiezi` [ RunTime:0.0011s ]
SQL: SHOW COLUMNS FROM `bbs_tiezi` [ RunTime:0.0009s ]
SQL: SELECT t.*,u.name FROM bbs_tiezi as t LEFT JOIN bbs_user as u ON t.user_id = u.id  ORDER BY create_time desc LIMIT 18,3   [ RunTime:0.0004s ]
SQL: SHOW COLUMNS FROM `bbs_tiezi` [ RunTime:0.0008s ]
SQL: SELECT COUNT(*) AS tp_count FROM `bbs_tiezi` LIMIT 1   [ RunTime:0.0002s ]

[ 2016-03-10T17:09:18+08:00 ] ::1 /angularjs2/index.php/Home/Index/tieList
INFO: [ app_init ] --START--
INFO: Run Behavior\BuildLiteBehavior [ RunTime:0.000022s ]
INFO: [ app_init ] --END-- [ RunTime:0.000362s ]
INFO: [ app_begin ] --START--
INFO: Run Behavior\ReadHtmlCacheBehavior [ RunTime:0.000401s ]
INFO: [ app_begin ] --END-- [ RunTime:0.000492s ]
NOTIC: [2048] Declaration of Common\Model\TieZiModel::add() should be compatible with Think\Model::add($data = '', $options = Array, $replace = false) /Applications/MAMP/htdocs/angularjs2/Application/Common/Model/TieZiModel.class.php 第 12 行.
SQL: SHOW COLUMNS FROM `bbs_tiezi` [ RunTime:0.0015s ]
SQL: SHOW COLUMNS FROM `bbs_tiezi` [ RunTime:0.0008s ]
SQL: SELECT t.*,u.name FROM bbs_tiezi as t LEFT JOIN bbs_user as u ON t.user_id = u.id  ORDER BY create_time desc LIMIT 12,3   [ RunTime:0.0003s ]
SQL: SHOW COLUMNS FROM `bbs_tiezi` [ RunTime:0.0008s ]
SQL: SELECT COUNT(*) AS tp_count FROM `bbs_tiezi` LIMIT 1   [ RunTime:0.0002s ]

[ 2016-03-10T17:09:38+08:00 ] ::1 /angularjs2/index.php/Home/Index/tieList
INFO: [ app_init ] --START--
INFO: Run Behavior\BuildLiteBehavior [ RunTime:0.000023s ]
INFO: [ app_init ] --END-- [ RunTime:0.000381s ]
INFO: [ app_begin ] --START--
INFO: Run Behavior\ReadHtmlCacheBehavior [ RunTime:0.000430s ]
INFO: [ app_begin ] --END-- [ RunTime:0.000525s ]
NOTIC: [2048] Declaration of Common\Model\TieZiModel::add() should be compatible with Think\Model::add($data = '', $options = Array, $replace = false) /Applications/MAMP/htdocs/angularjs2/Application/Common/Model/TieZiModel.class.php 第 12 行.
SQL: SHOW COLUMNS FROM `bbs_tiezi` [ RunTime:0.0012s ]
SQL: SHOW COLUMNS FROM `bbs_tiezi` [ RunTime:0.0010s ]
SQL: SELECT t.*,u.name FROM bbs_tiezi as t LEFT JOIN bbs_user as u ON t.user_id = u.id  ORDER BY create_time desc LIMIT 0,3   [ RunTime:0.0003s ]
SQL: SHOW COLUMNS FROM `bbs_tiezi` [ RunTime:0.0008s ]
SQL: SELECT COUNT(*) AS tp_count FROM `bbs_tiezi` LIMIT 1   [ RunTime:0.0002s ]

[ 2016-03-10T17:09:40+08:00 ] ::1 /angularjs2/index.php/Home/Index/tieList
INFO: [ app_init ] --START--
INFO: Run Behavior\BuildLiteBehavior [ RunTime:0.000022s ]
INFO: [ app_init ] --END-- [ RunTime:0.000375s ]
INFO: [ app_begin ] --START--
INFO: Run Behavior\ReadHtmlCacheBehavior [ RunTime:0.000413s ]
INFO: [ app_begin ] --END-- [ RunTime:0.000504s ]
NOTIC: [2048] Declaration of Common\Model\TieZiModel::add() should be compatible with Think\Model::add($data = '', $options = Array, $replace = false) /Applications/MAMP/htdocs/angularjs2/Application/Common/Model/TieZiModel.class.php 第 12 行.
SQL: SHOW COLUMNS FROM `bbs_tiezi` [ RunTime:0.0014s ]
SQL: SHOW COLUMNS FROM `bbs_tiezi` [ RunTime:0.0008s ]
SQL: SELECT t.*,u.name FROM bbs_tiezi as t LEFT JOIN bbs_user as u ON t.user_id = u.id  ORDER BY create_time desc LIMIT 3,3   [ RunTime:0.0003s ]
SQL: SHOW COLUMNS FROM `bbs_tiezi` [ RunTime:0.0009s ]
SQL: SELECT COUNT(*) AS tp_count FROM `bbs_tiezi` LIMIT 1   [ RunTime:0.0002s ]

[ 2016-03-10T17:09:41+08:00 ] ::1 /angularjs2/index.php/Home/Index/tieList
INFO: [ app_init ] --START--
INFO: Run Behavior\BuildLiteBehavior [ RunTime:0.000023s ]
INFO: [ app_init ] --END-- [ RunTime:0.000369s ]
INFO: [ app_begin ] --START--
INFO: Run Behavior\ReadHtmlCacheBehavior [ RunTime:0.000411s ]
INFO: [ app_begin ] --END-- [ RunTime:0.000502s ]
NOTIC: [2048] Declaration of Common\Model\TieZiModel::add() should be compatible with Think\Model::add($data = '', $options = Array, $replace = false) /Applications/MAMP/htdocs/angularjs2/Application/Common/Model/TieZiModel.class.php 第 12 行.
SQL: SHOW COLUMNS FROM `bbs_tiezi` [ RunTime:0.0014s ]
SQL: SHOW COLUMNS FROM `bbs_tiezi` [ RunTime:0.0008s ]
SQL: SELECT t.*,u.name FROM bbs_tiezi as t LEFT JOIN bbs_user as u ON t.user_id = u.id  ORDER BY create_time desc LIMIT 0,3   [ RunTime:0.0003s ]
SQL: SHOW COLUMNS FROM `bbs_tiezi` [ RunTime:0.0009s ]
SQL: SELECT COUNT(*) AS tp_count FROM `bbs_tiezi` LIMIT 1   [ RunTime:0.0002s ]

[ 2016-03-10T17:09:43+08:00 ] ::1 /angularjs2/index.php/Home/Index/tieList
INFO: [ app_init ] --START--
INFO: Run Behavior\BuildLiteBehavior [ RunTime:0.000024s ]
INFO: [ app_init ] --END-- [ RunTime:0.000374s ]
INFO: [ app_begin ] --START--
INFO: Run Behavior\ReadHtmlCacheBehavior [ RunTime:0.000418s ]
INFO: [ app_begin ] --END-- [ RunTime:0.000512s ]
NOTIC: [2048] Declaration of Common\Model\TieZiModel::add() should be compatible with Think\Model::add($data = '', $options = Array, $replace = false) /Applications/MAMP/htdocs/angularjs2/Application/Common/Model/TieZiModel.class.php 第 12 行.
SQL: SHOW COLUMNS FROM `bbs_tiezi` [ RunTime:0.0009s ]
SQL: SHOW COLUMNS FROM `bbs_tiezi` [ RunTime:0.0008s ]
SQL: SELECT t.*,u.name FROM bbs_tiezi as t LEFT JOIN bbs_user as u ON t.user_id = u.id  ORDER BY create_time desc LIMIT 18,3   [ RunTime:0.0004s ]
SQL: SHOW COLUMNS FROM `bbs_tiezi` [ RunTime:0.0009s ]
SQL: SELECT COUNT(*) AS tp_count FROM `bbs_tiezi` LIMIT 1   [ RunTime:0.0002s ]

[ 2016-03-10T17:09:48+08:00 ] ::1 /angularjs2/index.php/Home/Index/tieList
INFO: [ app_init ] --START--
INFO: Run Behavior\BuildLiteBehavior [ RunTime:0.000022s ]
INFO: [ app_init ] --END-- [ RunTime:0.000367s ]
INFO: [ app_begin ] --START--
INFO: Run Behavior\ReadHtmlCacheBehavior [ RunTime:0.000479s ]
INFO: [ app_begin ] --END-- [ RunTime:0.000599s ]
NOTIC: [2048] Declaration of Common\Model\TieZiModel::add() should be compatible with Think\Model::add($data = '', $options = Array, $replace = false) /Applications/MAMP/htdocs/angularjs2/Application/Common/Model/TieZiModel.class.php 第 12 行.
SQL: SHOW COLUMNS FROM `bbs_tiezi` [ RunTime:0.0015s ]
SQL: SHOW COLUMNS FROM `bbs_tiezi` [ RunTime:0.0008s ]
SQL: SELECT t.*,u.name FROM bbs_tiezi as t LEFT JOIN bbs_user as u ON t.user_id = u.id  ORDER BY create_time desc LIMIT 15,3   [ RunTime:0.0003s ]
SQL: SHOW COLUMNS FROM `bbs_tiezi` [ RunTime:0.0009s ]
SQL: SELECT COUNT(*) AS tp_count FROM `bbs_tiezi` LIMIT 1   [ RunTime:0.0002s ]

[ 2016-03-10T17:09:50+08:00 ] ::1 /angularjs2/index.php/Home/Index/tieList
INFO: [ app_init ] --START--
INFO: Run Behavior\BuildLiteBehavior [ RunTime:0.000024s ]
INFO: [ app_init ] --END-- [ RunTime:0.000387s ]
INFO: [ app_begin ] --START--
INFO: Run Behavior\ReadHtmlCacheBehavior [ RunTime:0.000571s ]
INFO: [ app_begin ] --END-- [ RunTime:0.000778s ]
NOTIC: [2048] Declaration of Common\Model\TieZiModel::add() should be compatible with Think\Model::add($data = '', $options = Array, $replace = false) /Applications/MAMP/htdocs/angularjs2/Application/Common/Model/TieZiModel.class.php 第 12 行.
SQL: SHOW COLUMNS FROM `bbs_tiezi` [ RunTime:0.0019s ]
SQL: SHOW COLUMNS FROM `bbs_tiezi` [ RunTime:0.0008s ]
SQL: SELECT t.*,u.name FROM bbs_tiezi as t LEFT JOIN bbs_user as u ON t.user_id = u.id  ORDER BY create_time desc LIMIT 18,3   [ RunTime:0.0003s ]
SQL: SHOW COLUMNS FROM `bbs_tiezi` [ RunTime:0.0008s ]
SQL: SELECT COUNT(*) AS tp_count FROM `bbs_tiezi` LIMIT 1   [ RunTime:0.0002s ]

[ 2016-03-10T17:09:50+08:00 ] ::1 /angularjs2/index.php/Home/Index/tieList
INFO: [ app_init ] --START--
INFO: Run Behavior\BuildLiteBehavior [ RunTime:0.000024s ]
INFO: [ app_init ] --END-- [ RunTime:0.000533s ]
INFO: [ app_begin ] --START--
INFO: Run Behavior\ReadHtmlCacheBehavior [ RunTime:0.000578s ]
INFO: [ app_begin ] --END-- [ RunTime:0.000729s ]
NOTIC: [2048] Declaration of Common\Model\TieZiModel::add() should be compatible with Think\Model::add($data = '', $options = Array, $replace = false) /Applications/MAMP/htdocs/angularjs2/Application/Common/Model/TieZiModel.class.php 第 12 行.
SQL: SHOW COLUMNS FROM `bbs_tiezi` [ RunTime:0.0009s ]
SQL: SHOW COLUMNS FROM `bbs_tiezi` [ RunTime:0.0008s ]
SQL: SELECT t.*,u.name FROM bbs_tiezi as t LEFT JOIN bbs_user as u ON t.user_id = u.id  ORDER BY create_time desc LIMIT 18,3   [ RunTime:0.0003s ]
SQL: SHOW COLUMNS FROM `bbs_tiezi` [ RunTime:0.0008s ]
SQL: SELECT COUNT(*) AS tp_count FROM `bbs_tiezi` LIMIT 1   [ RunTime:0.0002s ]

[ 2016-03-10T17:10:04+08:00 ] ::1 /angularjs2/index.php/Home/Index/tieList
INFO: [ app_init ] --START--
INFO: Run Behavior\BuildLiteBehavior [ RunTime:0.000025s ]
INFO: [ app_init ] --END-- [ RunTime:0.000387s ]
INFO: [ app_begin ] --START--
INFO: Run Behavior\ReadHtmlCacheBehavior [ RunTime:0.000439s ]
INFO: [ app_begin ] --END-- [ RunTime:0.000538s ]
NOTIC: [2048] Declaration of Common\Model\TieZiModel::add() should be compatible with Think\Model::add($data = '', $options = Array, $replace = false) /Applications/MAMP/htdocs/angularjs2/Application/Common/Model/TieZiModel.class.php 第 12 行.
SQL: SHOW COLUMNS FROM `bbs_tiezi` [ RunTime:0.0015s ]
SQL: SHOW COLUMNS FROM `bbs_tiezi` [ RunTime:0.0008s ]
SQL: SELECT t.*,u.name FROM bbs_tiezi as t LEFT JOIN bbs_user as u ON t.user_id = u.id  ORDER BY create_time desc LIMIT 0,3   [ RunTime:0.0003s ]
SQL: SHOW COLUMNS FROM `bbs_tiezi` [ RunTime:0.0008s ]
SQL: SELECT COUNT(*) AS tp_count FROM `bbs_tiezi` LIMIT 1   [ RunTime:0.0003s ]

[ 2016-03-10T17:10:09+08:00 ] ::1 /angularjs2/index.php/Home/Index/tieList
INFO: [ app_init ] --START--
INFO: Run Behavior\BuildLiteBehavior [ RunTime:0.000023s ]
INFO: [ app_init ] --END-- [ RunTime:0.000385s ]
INFO: [ app_begin ] --START--
INFO: Run Behavior\ReadHtmlCacheBehavior [ RunTime:0.000418s ]
INFO: [ app_begin ] --END-- [ RunTime:0.000520s ]
NOTIC: [2048] Declaration of Common\Model\TieZiModel::add() should be compatible with Think\Model::add($data = '', $options = Array, $replace = false) /Applications/MAMP/htdocs/angularjs2/Application/Common/Model/TieZiModel.class.php 第 12 行.
SQL: SHOW COLUMNS FROM `bbs_tiezi` [ RunTime:0.0014s ]
SQL: SHOW COLUMNS FROM `bbs_tiezi` [ RunTime:0.0008s ]
SQL: SELECT t.*,u.name FROM bbs_tiezi as t LEFT JOIN bbs_user as u ON t.user_id = u.id  ORDER BY create_time desc LIMIT 18,3   [ RunTime:0.0003s ]
SQL: SHOW COLUMNS FROM `bbs_tiezi` [ RunTime:0.0008s ]
SQL: SELECT COUNT(*) AS tp_count FROM `bbs_tiezi` LIMIT 1   [ RunTime:0.0002s ]

[ 2016-03-10T17:10:09+08:00 ] ::1 /angularjs2/index.php/Home/Index/tieList
INFO: [ app_init ] --START--
INFO: Run Behavior\BuildLiteBehavior [ RunTime:0.000027s ]
INFO: [ app_init ] --END-- [ RunTime:0.000501s ]
INFO: [ app_begin ] --START--
INFO: Run Behavior\ReadHtmlCacheBehavior [ RunTime:0.000465s ]
INFO: [ app_begin ] --END-- [ RunTime:0.000569s ]
NOTIC: [2048] Declaration of Common\Model\TieZiModel::add() should be compatible with Think\Model::add($data = '', $options = Array, $replace = false) /Applications/MAMP/htdocs/angularjs2/Application/Common/Model/TieZiModel.class.php 第 12 行.
SQL: SHOW COLUMNS FROM `bbs_tiezi` [ RunTime:0.0010s ]
SQL: SHOW COLUMNS FROM `bbs_tiezi` [ RunTime:0.0008s ]
SQL: SELECT t.*,u.name FROM bbs_tiezi as t LEFT JOIN bbs_user as u ON t.user_id = u.id  ORDER BY create_time desc LIMIT 18,3   [ RunTime:0.0003s ]
SQL: SHOW COLUMNS FROM `bbs_tiezi` [ RunTime:0.0009s ]
SQL: SELECT COUNT(*) AS tp_count FROM `bbs_tiezi` LIMIT 1   [ RunTime:0.0002s ]

[ 2016-03-10T17:11:25+08:00 ] ::1 /angularjs2/index.php/Home/Index/index
INFO: [ app_init ] --START--
INFO: Run Behavior\BuildLiteBehavior [ RunTime:0.000024s ]
INFO: [ app_init ] --END-- [ RunTime:0.000390s ]
INFO: [ app_begin ] --START--
INFO: Run Behavior\ReadHtmlCacheBehavior [ RunTime:0.000452s ]
INFO: [ app_begin ] --END-- [ RunTime:0.000551s ]
INFO: [ view_parse ] --START--
INFO: [ template_filter ] --START--
INFO: Run Behavior\ContentReplaceBehavior [ RunTime:0.000071s ]
INFO: [ template_filter ] --END-- [ RunTime:0.000181s ]
INFO: Run Behavior\ParseTemplateBehavior [ RunTime:0.006995s ]
INFO: [ view_parse ] --END-- [ RunTime:0.007092s ]
INFO: [ view_filter ] --START--
INFO: Run Behavior\WriteHtmlCacheBehavior [ RunTime:0.000166s ]
INFO: [ view_filter ] --END-- [ RunTime:0.000253s ]
INFO: [ app_end ] --START--
INFO: Run Behavior\ShowPageTraceBehavior [ RunTime:0.000472s ]
INFO: [ app_end ] --END-- [ RunTime:0.000566s ]

[ 2016-03-10T17:11:26+08:00 ] ::1 /angularjs2/index.php/Home/Index/tieList
INFO: [ app_init ] --START--
INFO: Run Behavior\BuildLiteBehavior [ RunTime:0.000023s ]
INFO: [ app_init ] --END-- [ RunTime:0.000374s ]
INFO: [ app_begin ] --START--
INFO: Run Behavior\ReadHtmlCacheBehavior [ RunTime:0.000426s ]
INFO: [ app_begin ] --END-- [ RunTime:0.000525s ]
NOTIC: [2048] Declaration of Common\Model\TieZiModel::add() should be compatible with Think\Model::add($data = '', $options = Array, $replace = false) /Applications/MAMP/htdocs/angularjs2/Application/Common/Model/TieZiModel.class.php 第 12 行.
SQL: SHOW COLUMNS FROM `bbs_tiezi` [ RunTime:0.0012s ]
SQL: SHOW COLUMNS FROM `bbs_tiezi` [ RunTime:0.0008s ]
SQL: SELECT t.*,u.name FROM bbs_tiezi as t LEFT JOIN bbs_user as u ON t.user_id = u.id  ORDER BY create_time desc LIMIT 0,3   [ RunTime:0.0003s ]
SQL: SHOW COLUMNS FROM `bbs_tiezi` [ RunTime:0.0009s ]
SQL: SELECT COUNT(*) AS tp_count FROM `bbs_tiezi` LIMIT 1   [ RunTime:0.0002s ]

[ 2016-03-10T17:12:49+08:00 ] ::1 /angularjs2/index.php/Home/Index/tieList
INFO: [ app_init ] --START--
INFO: Run Behavior\BuildLiteBehavior [ RunTime:0.000023s ]
INFO: [ app_init ] --END-- [ RunTime:0.000391s ]
INFO: [ app_begin ] --START--
INFO: Run Behavior\ReadHtmlCacheBehavior [ RunTime:0.000435s ]
INFO: [ app_begin ] --END-- [ RunTime:0.000534s ]
NOTIC: [2048] Declaration of Common\Model\TieZiModel::add() should be compatible with Think\Model::add($data = '', $options = Array, $replace = false) /Applications/MAMP/htdocs/angularjs2/Application/Common/Model/TieZiModel.class.php 第 12 行.
SQL: SHOW COLUMNS FROM `bbs_tiezi` [ RunTime:0.0010s ]
SQL: SHOW COLUMNS FROM `bbs_tiezi` [ RunTime:0.0008s ]
SQL: SELECT t.*,u.name FROM bbs_tiezi as t LEFT JOIN bbs_user as u ON t.user_id = u.id  ORDER BY create_time desc LIMIT 18,3   [ RunTime:0.0003s ]
SQL: SHOW COLUMNS FROM `bbs_tiezi` [ RunTime:0.0008s ]
SQL: SELECT COUNT(*) AS tp_count FROM `bbs_tiezi` LIMIT 1   [ RunTime:0.0003s ]

[ 2016-03-10T17:12:49+08:00 ] ::1 /angularjs2/index.php/Home/Index/tieList
INFO: [ app_init ] --START--
INFO: Run Behavior\BuildLiteBehavior [ RunTime:0.000022s ]
INFO: [ app_init ] --END-- [ RunTime:0.000370s ]
INFO: [ app_begin ] --START--
INFO: Run Behavior\ReadHtmlCacheBehavior [ RunTime:0.000421s ]
INFO: [ app_begin ] --END-- [ RunTime:0.000518s ]
NOTIC: [2048] Declaration of Common\Model\TieZiModel::add() should be compatible with Think\Model::add($data = '', $options = Array, $replace = false) /Applications/MAMP/htdocs/angularjs2/Application/Common/Model/TieZiModel.class.php 第 12 行.
SQL: SHOW COLUMNS FROM `bbs_tiezi` [ RunTime:0.0010s ]
SQL: SHOW COLUMNS FROM `bbs_tiezi` [ RunTime:0.0007s ]
SQL: SELECT t.*,u.name FROM bbs_tiezi as t LEFT JOIN bbs_user as u ON t.user_id = u.id  ORDER BY create_time desc LIMIT 18,3   [ RunTime:0.0003s ]
SQL: SHOW COLUMNS FROM `bbs_tiezi` [ RunTime:0.0009s ]
SQL: SELECT COUNT(*) AS tp_count FROM `bbs_tiezi` LIMIT 1   [ RunTime:0.0002s ]

[ 2016-03-10T17:13:11+08:00 ] ::1 /angularjs2/index.php/Home/Index/index
INFO: [ app_init ] --START--
INFO: Run Behavior\BuildLiteBehavior [ RunTime:0.000023s ]
INFO: [ app_init ] --END-- [ RunTime:0.000384s ]
INFO: [ app_begin ] --START--
INFO: Run Behavior\ReadHtmlCacheBehavior [ RunTime:0.000435s ]
INFO: [ app_begin ] --END-- [ RunTime:0.000529s ]
INFO: [ view_parse ] --START--
INFO: [ template_filter ] --START--
INFO: Run Behavior\ContentReplaceBehavior [ RunTime:0.000088s ]
INFO: [ template_filter ] --END-- [ RunTime:0.000208s ]
INFO: Run Behavior\ParseTemplateBehavior [ RunTime:0.007452s ]
INFO: [ view_parse ] --END-- [ RunTime:0.007552s ]
INFO: [ view_filter ] --START--
INFO: Run Behavior\WriteHtmlCacheBehavior [ RunTime:0.000170s ]
INFO: [ view_filter ] --END-- [ RunTime:0.000256s ]
INFO: [ app_end ] --START--
INFO: Run Behavior\ShowPageTraceBehavior [ RunTime:0.000496s ]
INFO: [ app_end ] --END-- [ RunTime:0.000589s ]

[ 2016-03-10T17:13:12+08:00 ] ::1 /angularjs2/index.php/Home/Index/tieList
INFO: [ app_init ] --START--
INFO: Run Behavior\BuildLiteBehavior [ RunTime:0.000023s ]
INFO: [ app_init ] --END-- [ RunTime:0.000369s ]
INFO: [ app_begin ] --START--
INFO: Run Behavior\ReadHtmlCacheBehavior [ RunTime:0.000450s ]
INFO: [ app_begin ] --END-- [ RunTime:0.000547s ]
NOTIC: [2048] Declaration of Common\Model\TieZiModel::add() should be compatible with Think\Model::add($data = '', $options = Array, $replace = false) /Applications/MAMP/htdocs/angularjs2/Application/Common/Model/TieZiModel.class.php 第 12 行.
SQL: SHOW COLUMNS FROM `bbs_tiezi` [ RunTime:0.0016s ]
SQL: SHOW COLUMNS FROM `bbs_tiezi` [ RunTime:0.0008s ]
SQL: SELECT t.*,u.name FROM bbs_tiezi as t LEFT JOIN bbs_user as u ON t.user_id = u.id  ORDER BY create_time desc LIMIT 0,3   [ RunTime:0.0003s ]
SQL: SHOW COLUMNS FROM `bbs_tiezi` [ RunTime:0.0008s ]
SQL: SELECT COUNT(*) AS tp_count FROM `bbs_tiezi` LIMIT 1   [ RunTime:0.0002s ]

[ 2016-03-10T17:13:52+08:00 ] ::1 /angularjs2/index.php/Home/Index/tieList
INFO: [ app_init ] --START--
INFO: Run Behavior\BuildLiteBehavior [ RunTime:0.000024s ]
INFO: [ app_init ] --END-- [ RunTime:0.000393s ]
INFO: [ app_begin ] --START--
INFO: Run Behavior\ReadHtmlCacheBehavior [ RunTime:0.000493s ]
INFO: [ app_begin ] --END-- [ RunTime:0.000600s ]
NOTIC: [2048] Declaration of Common\Model\TieZiModel::add() should be compatible with Think\Model::add($data = '', $options = Array, $replace = false) /Applications/MAMP/htdocs/angularjs2/Application/Common/Model/TieZiModel.class.php 第 12 行.
SQL: SHOW COLUMNS FROM `bbs_tiezi` [ RunTime:0.0010s ]
SQL: SHOW COLUMNS FROM `bbs_tiezi` [ RunTime:0.0009s ]
SQL: SELECT t.*,u.name FROM bbs_tiezi as t LEFT JOIN bbs_user as u ON t.user_id = u.id  ORDER BY create_time desc LIMIT 18,3   [ RunTime:0.0003s ]
SQL: SHOW COLUMNS FROM `bbs_tiezi` [ RunTime:0.0009s ]
SQL: SELECT COUNT(*) AS tp_count FROM `bbs_tiezi` LIMIT 1   [ RunTime:0.0002s ]

[ 2016-03-10T17:13:52+08:00 ] ::1 /angularjs2/index.php/Home/Index/tieList
INFO: [ app_init ] --START--
INFO: Run Behavior\BuildLiteBehavior [ RunTime:0.000029s ]
INFO: [ app_init ] --END-- [ RunTime:0.000505s ]
INFO: [ app_begin ] --START--
INFO: Run Behavior\ReadHtmlCacheBehavior [ RunTime:0.000537s ]
INFO: [ app_begin ] --END-- [ RunTime:0.000659s ]
NOTIC: [2048] Declaration of Common\Model\TieZiModel::add() should be compatible with Think\Model::add($data = '', $options = Array, $replace = false) /Applications/MAMP/htdocs/angularjs2/Application/Common/Model/TieZiModel.class.php 第 12 行.
SQL: SHOW COLUMNS FROM `bbs_tiezi` [ RunTime:0.0010s ]
SQL: SHOW COLUMNS FROM `bbs_tiezi` [ RunTime:0.0006s ]
SQL: SELECT t.*,u.name FROM bbs_tiezi as t LEFT JOIN bbs_user as u ON t.user_id = u.id  ORDER BY create_time desc LIMIT 18,3   [ RunTime:0.0003s ]
SQL: SHOW COLUMNS FROM `bbs_tiezi` [ RunTime:0.0007s ]
SQL: SELECT COUNT(*) AS tp_count FROM `bbs_tiezi` LIMIT 1   [ RunTime:0.0002s ]

[ 2016-03-10T17:13:52+08:00 ] ::1 /angularjs2/index.php/Home/Index/index
INFO: [ app_init ] --START--
INFO: Run Behavior\BuildLiteBehavior [ RunTime:0.000023s ]
INFO: [ app_init ] --END-- [ RunTime:0.000379s ]
INFO: [ app_begin ] --START--
INFO: Run Behavior\ReadHtmlCacheBehavior [ RunTime:0.000443s ]
INFO: [ app_begin ] --END-- [ RunTime:0.000541s ]
INFO: [ view_parse ] --START--
INFO: [ template_filter ] --START--
INFO: Run Behavior\ContentReplaceBehavior [ RunTime:0.000089s ]
INFO: [ template_filter ] --END-- [ RunTime:0.000256s ]
INFO: Run Behavior\ParseTemplateBehavior [ RunTime:0.008849s ]
INFO: [ view_parse ] --END-- [ RunTime:0.008963s ]
INFO: [ view_filter ] --START--
INFO: Run Behavior\WriteHtmlCacheBehavior [ RunTime:0.000182s ]
INFO: [ view_filter ] --END-- [ RunTime:0.000277s ]
INFO: [ app_end ] --START--
INFO: Run Behavior\ShowPageTraceBehavior [ RunTime:0.000561s ]
INFO: [ app_end ] --END-- [ RunTime:0.000668s ]

[ 2016-03-10T17:13:53+08:00 ] ::1 /angularjs2/index.php/Home/Index/tieList
INFO: [ app_init ] --START--
INFO: Run Behavior\BuildLiteBehavior [ RunTime:0.000023s ]
INFO: [ app_init ] --END-- [ RunTime:0.000403s ]
INFO: [ app_begin ] --START--
INFO: Run Behavior\ReadHtmlCacheBehavior [ RunTime:0.000521s ]
INFO: [ app_begin ] --END-- [ RunTime:0.000647s ]
NOTIC: [2048] Declaration of Common\Model\TieZiModel::add() should be compatible with Think\Model::add($data = '', $options = Array, $replace = false) /Applications/MAMP/htdocs/angularjs2/Application/Common/Model/TieZiModel.class.php 第 12 行.
SQL: SHOW COLUMNS FROM `bbs_tiezi` [ RunTime:0.0016s ]
SQL: SHOW COLUMNS FROM `bbs_tiezi` [ RunTime:0.0009s ]
SQL: SELECT t.*,u.name FROM bbs_tiezi as t LEFT JOIN bbs_user as u ON t.user_id = u.id  ORDER BY create_time desc LIMIT 0,3   [ RunTime:0.0003s ]
SQL: SHOW COLUMNS FROM `bbs_tiezi` [ RunTime:0.0010s ]
SQL: SELECT COUNT(*) AS tp_count FROM `bbs_tiezi` LIMIT 1   [ RunTime:0.0002s ]

[ 2016-03-10T17:14:11+08:00 ] ::1 /angularjs2/index.php/Home/Index/tieList
INFO: [ app_init ] --START--
INFO: Run Behavior\BuildLiteBehavior [ RunTime:0.000024s ]
INFO: [ app_init ] --END-- [ RunTime:0.000413s ]
INFO: [ app_begin ] --START--
INFO: Run Behavior\ReadHtmlCacheBehavior [ RunTime:0.000478s ]
INFO: [ app_begin ] --END-- [ RunTime:0.000579s ]
NOTIC: [2048] Declaration of Common\Model\TieZiModel::add() should be compatible with Think\Model::add($data = '', $options = Array, $replace = false) /Applications/MAMP/htdocs/angularjs2/Application/Common/Model/TieZiModel.class.php 第 12 行.
SQL: SHOW COLUMNS FROM `bbs_tiezi` [ RunTime:0.0015s ]
SQL: SHOW COLUMNS FROM `bbs_tiezi` [ RunTime:0.0008s ]
SQL: SELECT t.*,u.name FROM bbs_tiezi as t LEFT JOIN bbs_user as u ON t.user_id = u.id  ORDER BY create_time desc LIMIT 18,3   [ RunTime:0.0003s ]
SQL: SHOW COLUMNS FROM `bbs_tiezi` [ RunTime:0.0009s ]
SQL: SELECT COUNT(*) AS tp_count FROM `bbs_tiezi` LIMIT 1   [ RunTime:0.0002s ]

[ 2016-03-10T17:14:11+08:00 ] ::1 /angularjs2/index.php/Home/Index/tieList
INFO: [ app_init ] --START--
INFO: Run Behavior\BuildLiteBehavior [ RunTime:0.000021s ]
INFO: [ app_init ] --END-- [ RunTime:0.000372s ]
INFO: [ app_begin ] --START--
INFO: Run Behavior\ReadHtmlCacheBehavior [ RunTime:0.000417s ]
INFO: [ app_begin ] --END-- [ RunTime:0.000518s ]
NOTIC: [2048] Declaration of Common\Model\TieZiModel::add() should be compatible with Think\Model::add($data = '', $options = Array, $replace = false) /Applications/MAMP/htdocs/angularjs2/Application/Common/Model/TieZiModel.class.php 第 12 行.
SQL: SHOW COLUMNS FROM `bbs_tiezi` [ RunTime:0.0010s ]
SQL: SHOW COLUMNS FROM `bbs_tiezi` [ RunTime:0.0010s ]
SQL: SELECT t.*,u.name FROM bbs_tiezi as t LEFT JOIN bbs_user as u ON t.user_id = u.id  ORDER BY create_time desc LIMIT 18,3   [ RunTime:0.0005s ]
SQL: SHOW COLUMNS FROM `bbs_tiezi` [ RunTime:0.0009s ]
SQL: SELECT COUNT(*) AS tp_count FROM `bbs_tiezi` LIMIT 1   [ RunTime:0.0002s ]

[ 2016-03-10T17:14:13+08:00 ] ::1 /angularjs2/index.php/Home/Index/index
INFO: [ app_init ] --START--
INFO: Run Behavior\BuildLiteBehavior [ RunTime:0.000024s ]
INFO: [ app_init ] --END-- [ RunTime:0.000389s ]
INFO: [ app_begin ] --START--
INFO: Run Behavior\ReadHtmlCacheBehavior [ RunTime:0.000440s ]
INFO: [ app_begin ] --END-- [ RunTime:0.000535s ]
INFO: [ view_parse ] --START--
INFO: [ template_filter ] --START--
INFO: Run Behavior\ContentReplaceBehavior [ RunTime:0.000094s ]
INFO: [ template_filter ] --END-- [ RunTime:0.000250s ]
INFO: Run Behavior\ParseTemplateBehavior [ RunTime:0.007544s ]
INFO: [ view_parse ] --END-- [ RunTime:0.007653s ]
INFO: [ view_filter ] --START--
INFO: Run Behavior\WriteHtmlCacheBehavior [ RunTime:0.000196s ]
INFO: [ view_filter ] --END-- [ RunTime:0.000298s ]
INFO: [ app_end ] --START--
INFO: Run Behavior\ShowPageTraceBehavior [ RunTime:0.000544s ]
INFO: [ app_end ] --END-- [ RunTime:0.000651s ]

[ 2016-03-10T17:14:14+08:00 ] ::1 /angularjs2/index.php/Home/Index/tieList
INFO: [ app_init ] --START--
INFO: Run Behavior\BuildLiteBehavior [ RunTime:0.000024s ]
INFO: [ app_init ] --END-- [ RunTime:0.000381s ]
INFO: [ app_begin ] --START--
INFO: Run Behavior\ReadHtmlCacheBehavior [ RunTime:0.000458s ]
INFO: [ app_begin ] --END-- [ RunTime:0.000557s ]
NOTIC: [2048] Declaration of Common\Model\TieZiModel::add() should be compatible with Think\Model::add($data = '', $options = Array, $replace = false) /Applications/MAMP/htdocs/angularjs2/Application/Common/Model/TieZiModel.class.php 第 12 行.
SQL: SHOW COLUMNS FROM `bbs_tiezi` [ RunTime:0.0010s ]
SQL: SHOW COLUMNS FROM `bbs_tiezi` [ RunTime:0.0009s ]
SQL: SELECT t.*,u.name FROM bbs_tiezi as t LEFT JOIN bbs_user as u ON t.user_id = u.id  ORDER BY create_time desc LIMIT 0,3   [ RunTime:0.0003s ]
SQL: SHOW COLUMNS FROM `bbs_tiezi` [ RunTime:0.0008s ]
SQL: SELECT COUNT(*) AS tp_count FROM `bbs_tiezi` LIMIT 1   [ RunTime:0.0002s ]

[ 2016-03-10T17:14:25+08:00 ] ::1 /angularjs2/index.php/Home/Index/tieList
INFO: [ app_init ] --START--
INFO: Run Behavior\BuildLiteBehavior [ RunTime:0.000024s ]
INFO: [ app_init ] --END-- [ RunTime:0.000388s ]
INFO: [ app_begin ] --START--
INFO: Run Behavior\ReadHtmlCacheBehavior [ RunTime:0.000430s ]
INFO: [ app_begin ] --END-- [ RunTime:0.000527s ]
NOTIC: [2048] Declaration of Common\Model\TieZiModel::add() should be compatible with Think\Model::add($data = '', $options = Array, $replace = false) /Applications/MAMP/htdocs/angularjs2/Application/Common/Model/TieZiModel.class.php 第 12 行.
SQL: SHOW COLUMNS FROM `bbs_tiezi` [ RunTime:0.0015s ]
SQL: SHOW COLUMNS FROM `bbs_tiezi` [ RunTime:0.0008s ]
SQL: SELECT t.*,u.name FROM bbs_tiezi as t LEFT JOIN bbs_user as u ON t.user_id = u.id  ORDER BY create_time desc LIMIT 18,3   [ RunTime:0.0003s ]
SQL: SHOW COLUMNS FROM `bbs_tiezi` [ RunTime:0.0009s ]
SQL: SELECT COUNT(*) AS tp_count FROM `bbs_tiezi` LIMIT 1   [ RunTime:0.0002s ]

[ 2016-03-10T17:14:25+08:00 ] ::1 /angularjs2/index.php/Home/Index/tieList
INFO: [ app_init ] --START--
INFO: Run Behavior\BuildLiteBehavior [ RunTime:0.000024s ]
INFO: [ app_init ] --END-- [ RunTime:0.000383s ]
INFO: [ app_begin ] --START--
INFO: Run Behavior\ReadHtmlCacheBehavior [ RunTime:0.000437s ]
INFO: [ app_begin ] --END-- [ RunTime:0.000536s ]
NOTIC: [2048] Declaration of Common\Model\TieZiModel::add() should be compatible with Think\Model::add($data = '', $options = Array, $replace = false) /Applications/MAMP/htdocs/angularjs2/Application/Common/Model/TieZiModel.class.php 第 12 行.
SQL: SHOW COLUMNS FROM `bbs_tiezi` [ RunTime:0.0011s ]
SQL: SHOW COLUMNS FROM `bbs_tiezi` [ RunTime:0.0008s ]
SQL: SELECT t.*,u.name FROM bbs_tiezi as t LEFT JOIN bbs_user as u ON t.user_id = u.id  ORDER BY create_time desc LIMIT 18,3   [ RunTime:0.0003s ]
SQL: SHOW COLUMNS FROM `bbs_tiezi` [ RunTime:0.0008s ]
SQL: SELECT COUNT(*) AS tp_count FROM `bbs_tiezi` LIMIT 1   [ RunTime:0.0002s ]

[ 2016-03-10T17:15:00+08:00 ] ::1 /angularjs2/index.php/Home/Index/index
INFO: [ app_init ] --START--
INFO: Run Behavior\BuildLiteBehavior [ RunTime:0.000023s ]
INFO: [ app_init ] --END-- [ RunTime:0.000376s ]
INFO: [ app_begin ] --START--
INFO: Run Behavior\ReadHtmlCacheBehavior [ RunTime:0.000427s ]
INFO: [ app_begin ] --END-- [ RunTime:0.000521s ]
INFO: [ view_parse ] --START--
INFO: [ template_filter ] --START--
INFO: Run Behavior\ContentReplaceBehavior [ RunTime:0.000072s ]
INFO: [ template_filter ] --END-- [ RunTime:0.000191s ]
INFO: Run Behavior\ParseTemplateBehavior [ RunTime:0.007057s ]
INFO: [ view_parse ] --END-- [ RunTime:0.007167s ]
INFO: [ view_filter ] --START--
INFO: Run Behavior\WriteHtmlCacheBehavior [ RunTime:0.000171s ]
INFO: [ view_filter ] --END-- [ RunTime:0.000260s ]
INFO: [ app_end ] --START--
INFO: Run Behavior\ShowPageTraceBehavior [ RunTime:0.000477s ]
INFO: [ app_end ] --END-- [ RunTime:0.000571s ]

[ 2016-03-10T17:15:00+08:00 ] ::1 /angularjs2/index.php/Home/Index/tieList
INFO: [ app_init ] --START--
INFO: Run Behavior\BuildLiteBehavior [ RunTime:0.000022s ]
INFO: [ app_init ] --END-- [ RunTime:0.000373s ]
INFO: [ app_begin ] --START--
INFO: Run Behavior\ReadHtmlCacheBehavior [ RunTime:0.000539s ]
INFO: [ app_begin ] --END-- [ RunTime:0.000646s ]
NOTIC: [2048] Declaration of Common\Model\TieZiModel::add() should be compatible with Think\Model::add($data = '', $options = Array, $replace = false) /Applications/MAMP/htdocs/angularjs2/Application/Common/Model/TieZiModel.class.php 第 12 行.
SQL: SHOW COLUMNS FROM `bbs_tiezi` [ RunTime:0.0014s ]
SQL: SHOW COLUMNS FROM `bbs_tiezi` [ RunTime:0.0009s ]
SQL: SELECT t.*,u.name FROM bbs_tiezi as t LEFT JOIN bbs_user as u ON t.user_id = u.id  ORDER BY create_time desc LIMIT 0,3   [ RunTime:0.0003s ]
SQL: SHOW COLUMNS FROM `bbs_tiezi` [ RunTime:0.0008s ]
SQL: SELECT COUNT(*) AS tp_count FROM `bbs_tiezi` LIMIT 1   [ RunTime:0.0002s ]

[ 2016-03-10T17:15:21+08:00 ] ::1 /angularjs2/index.php/Home/Index/tieList
INFO: [ app_init ] --START--
INFO: Run Behavior\BuildLiteBehavior [ RunTime:0.000023s ]
INFO: [ app_init ] --END-- [ RunTime:0.000384s ]
INFO: [ app_begin ] --START--
INFO: Run Behavior\ReadHtmlCacheBehavior [ RunTime:0.000447s ]
INFO: [ app_begin ] --END-- [ RunTime:0.000541s ]
NOTIC: [2048] Declaration of Common\Model\TieZiModel::add() should be compatible with Think\Model::add($data = '', $options = Array, $replace = false) /Applications/MAMP/htdocs/angularjs2/Application/Common/Model/TieZiModel.class.php 第 12 行.
SQL: SHOW COLUMNS FROM `bbs_tiezi` [ RunTime:0.0015s ]
SQL: SHOW COLUMNS FROM `bbs_tiezi` [ RunTime:0.0009s ]
SQL: SELECT t.*,u.name FROM bbs_tiezi as t LEFT JOIN bbs_user as u ON t.user_id = u.id  ORDER BY create_time desc LIMIT 3,3   [ RunTime:0.0008s ]
SQL: SHOW COLUMNS FROM `bbs_tiezi` [ RunTime:0.0012s ]
SQL: SELECT COUNT(*) AS tp_count FROM `bbs_tiezi` LIMIT 1   [ RunTime:0.0002s ]

[ 2016-03-10T17:15:26+08:00 ] ::1 /angularjs2/index.php/Home/Index/tieList
INFO: [ app_init ] --START--
INFO: Run Behavior\BuildLiteBehavior [ RunTime:0.000023s ]
INFO: [ app_init ] --END-- [ RunTime:0.000374s ]
INFO: [ app_begin ] --START--
INFO: Run Behavior\ReadHtmlCacheBehavior [ RunTime:0.000724s ]
INFO: [ app_begin ] --END-- [ RunTime:0.000865s ]
NOTIC: [2048] Declaration of Common\Model\TieZiModel::add() should be compatible with Think\Model::add($data = '', $options = Array, $replace = false) /Applications/MAMP/htdocs/angularjs2/Application/Common/Model/TieZiModel.class.php 第 12 行.
SQL: SHOW COLUMNS FROM `bbs_tiezi` [ RunTime:0.0010s ]
SQL: SHOW COLUMNS FROM `bbs_tiezi` [ RunTime:0.0008s ]
SQL: SELECT t.*,u.name FROM bbs_tiezi as t LEFT JOIN bbs_user as u ON t.user_id = u.id  ORDER BY create_time desc LIMIT 18,3   [ RunTime:0.0003s ]
SQL: SHOW COLUMNS FROM `bbs_tiezi` [ RunTime:0.0009s ]
SQL: SELECT COUNT(*) AS tp_count FROM `bbs_tiezi` LIMIT 1   [ RunTime:0.0002s ]

[ 2016-03-10T17:15:30+08:00 ] ::1 /angularjs2/index.php/Home/Index/tieList
INFO: [ app_init ] --START--
INFO: Run Behavior\BuildLiteBehavior [ RunTime:0.000027s ]
INFO: [ app_init ] --END-- [ RunTime:0.000498s ]
INFO: [ app_begin ] --START--
INFO: Run Behavior\ReadHtmlCacheBehavior [ RunTime:0.000503s ]
INFO: [ app_begin ] --END-- [ RunTime:0.000616s ]
NOTIC: [2048] Declaration of Common\Model\TieZiModel::add() should be compatible with Think\Model::add($data = '', $options = Array, $replace = false) /Applications/MAMP/htdocs/angularjs2/Application/Common/Model/TieZiModel.class.php 第 12 行.
SQL: SHOW COLUMNS FROM `bbs_tiezi` [ RunTime:0.0019s ]
SQL: SHOW COLUMNS FROM `bbs_tiezi` [ RunTime:0.0009s ]
SQL: SELECT t.*,u.name FROM bbs_tiezi as t LEFT JOIN bbs_user as u ON t.user_id = u.id  ORDER BY create_time desc LIMIT 15,3   [ RunTime:0.0003s ]
SQL: SHOW COLUMNS FROM `bbs_tiezi` [ RunTime:0.0008s ]
SQL: SELECT COUNT(*) AS tp_count FROM `bbs_tiezi` LIMIT 1   [ RunTime:0.0002s ]

[ 2016-03-10T17:15:31+08:00 ] ::1 /angularjs2/index.php/Home/Index/tieList
INFO: [ app_init ] --START--
INFO: Run Behavior\BuildLiteBehavior [ RunTime:0.000025s ]
INFO: [ app_init ] --END-- [ RunTime:0.000397s ]
INFO: [ app_begin ] --START--
INFO: Run Behavior\ReadHtmlCacheBehavior [ RunTime:0.000406s ]
INFO: [ app_begin ] --END-- [ RunTime:0.000499s ]
NOTIC: [2048] Declaration of Common\Model\TieZiModel::add() should be compatible with Think\Model::add($data = '', $options = Array, $replace = false) /Applications/MAMP/htdocs/angularjs2/Application/Common/Model/TieZiModel.class.php 第 12 行.
SQL: SHOW COLUMNS FROM `bbs_tiezi` [ RunTime:0.0016s ]
SQL: SHOW COLUMNS FROM `bbs_tiezi` [ RunTime:0.0008s ]
SQL: SELECT t.*,u.name FROM bbs_tiezi as t LEFT JOIN bbs_user as u ON t.user_id = u.id  ORDER BY create_time desc LIMIT 12,3   [ RunTime:0.0003s ]
SQL: SHOW COLUMNS FROM `bbs_tiezi` [ RunTime:0.0009s ]
SQL: SELECT COUNT(*) AS tp_count FROM `bbs_tiezi` LIMIT 1   [ RunTime:0.0002s ]

[ 2016-03-10T17:15:32+08:00 ] ::1 /angularjs2/index.php/Home/Index/tieList
INFO: [ app_init ] --START--
INFO: Run Behavior\BuildLiteBehavior [ RunTime:0.000032s ]
INFO: [ app_init ] --END-- [ RunTime:0.000534s ]
INFO: [ app_begin ] --START--
INFO: Run Behavior\ReadHtmlCacheBehavior [ RunTime:0.000542s ]
INFO: [ app_begin ] --END-- [ RunTime:0.000678s ]
NOTIC: [2048] Declaration of Common\Model\TieZiModel::add() should be compatible with Think\Model::add($data = '', $options = Array, $replace = false) /Applications/MAMP/htdocs/angularjs2/Application/Common/Model/TieZiModel.class.php 第 12 行.
SQL: SHOW COLUMNS FROM `bbs_tiezi` [ RunTime:0.0016s ]
SQL: SHOW COLUMNS FROM `bbs_tiezi` [ RunTime:0.0009s ]
SQL: SELECT t.*,u.name FROM bbs_tiezi as t LEFT JOIN bbs_user as u ON t.user_id = u.id  ORDER BY create_time desc LIMIT 9,3   [ RunTime:0.0004s ]
SQL: SHOW COLUMNS FROM `bbs_tiezi` [ RunTime:0.0008s ]
SQL: SELECT COUNT(*) AS tp_count FROM `bbs_tiezi` LIMIT 1   [ RunTime:0.0002s ]

[ 2016-03-10T17:15:32+08:00 ] ::1 /angularjs2/index.php/Home/Index/tieList
INFO: [ app_init ] --START--
INFO: Run Behavior\BuildLiteBehavior [ RunTime:0.000021s ]
INFO: [ app_init ] --END-- [ RunTime:0.000378s ]
INFO: [ app_begin ] --START--
INFO: Run Behavior\ReadHtmlCacheBehavior [ RunTime:0.000409s ]
INFO: [ app_begin ] --END-- [ RunTime:0.000504s ]
NOTIC: [2048] Declaration of Common\Model\TieZiModel::add() should be compatible with Think\Model::add($data = '', $options = Array, $replace = false) /Applications/MAMP/htdocs/angularjs2/Application/Common/Model/TieZiModel.class.php 第 12 行.
SQL: SHOW COLUMNS FROM `bbs_tiezi` [ RunTime:0.0017s ]
SQL: SHOW COLUMNS FROM `bbs_tiezi` [ RunTime:0.0009s ]
SQL: SELECT t.*,u.name FROM bbs_tiezi as t LEFT JOIN bbs_user as u ON t.user_id = u.id  ORDER BY create_time desc LIMIT 6,3   [ RunTime:0.0004s ]
SQL: SHOW COLUMNS FROM `bbs_tiezi` [ RunTime:0.0011s ]
SQL: SELECT COUNT(*) AS tp_count FROM `bbs_tiezi` LIMIT 1   [ RunTime:0.0002s ]

[ 2016-03-10T17:15:32+08:00 ] ::1 /angularjs2/index.php/Home/Index/tieList
INFO: [ app_init ] --START--
INFO: Run Behavior\BuildLiteBehavior [ RunTime:0.000023s ]
INFO: [ app_init ] --END-- [ RunTime:0.000367s ]
INFO: [ app_begin ] --START--
INFO: Run Behavior\ReadHtmlCacheBehavior [ RunTime:0.000402s ]
INFO: [ app_begin ] --END-- [ RunTime:0.000494s ]
NOTIC: [2048] Declaration of Common\Model\TieZiModel::add() should be compatible with Think\Model::add($data = '', $options = Array, $replace = false) /Applications/MAMP/htdocs/angularjs2/Application/Common/Model/TieZiModel.class.php 第 12 行.
SQL: SHOW COLUMNS FROM `bbs_tiezi` [ RunTime:0.0018s ]
SQL: SHOW COLUMNS FROM `bbs_tiezi` [ RunTime:0.0009s ]
SQL: SELECT t.*,u.name FROM bbs_tiezi as t LEFT JOIN bbs_user as u ON t.user_id = u.id  ORDER BY create_time desc LIMIT 3,3   [ RunTime:0.0009s ]
SQL: SHOW COLUMNS FROM `bbs_tiezi` [ RunTime:0.0010s ]
SQL: SELECT COUNT(*) AS tp_count FROM `bbs_tiezi` LIMIT 1   [ RunTime:0.0002s ]

[ 2016-03-10T17:15:33+08:00 ] ::1 /angularjs2/index.php/Home/Index/tieList
INFO: [ app_init ] --START--
INFO: Run Behavior\BuildLiteBehavior [ RunTime:0.000022s ]
INFO: [ app_init ] --END-- [ RunTime:0.000370s ]
INFO: [ app_begin ] --START--
INFO: Run Behavior\ReadHtmlCacheBehavior [ RunTime:0.000438s ]
INFO: [ app_begin ] --END-- [ RunTime:0.000537s ]
NOTIC: [2048] Declaration of Common\Model\TieZiModel::add() should be compatible with Think\Model::add($data = '', $options = Array, $replace = false) /Applications/MAMP/htdocs/angularjs2/Application/Common/Model/TieZiModel.class.php 第 12 行.
SQL: SHOW COLUMNS FROM `bbs_tiezi` [ RunTime:0.0018s ]
SQL: SHOW COLUMNS FROM `bbs_tiezi` [ RunTime:0.0010s ]
SQL: SELECT t.*,u.name FROM bbs_tiezi as t LEFT JOIN bbs_user as u ON t.user_id = u.id  ORDER BY create_time desc LIMIT 0,3   [ RunTime:0.0003s ]
SQL: SHOW COLUMNS FROM `bbs_tiezi` [ RunTime:0.0010s ]
SQL: SELECT COUNT(*) AS tp_count FROM `bbs_tiezi` LIMIT 1   [ RunTime:0.0002s ]

[ 2016-03-10T17:15:34+08:00 ] ::1 /angularjs2/index.php/Home/Index/tieList
INFO: [ app_init ] --START--
INFO: Run Behavior\BuildLiteBehavior [ RunTime:0.000022s ]
INFO: [ app_init ] --END-- [ RunTime:0.000361s ]
INFO: [ app_begin ] --START--
INFO: Run Behavior\ReadHtmlCacheBehavior [ RunTime:0.000402s ]
INFO: [ app_begin ] --END-- [ RunTime:0.000497s ]
NOTIC: [2048] Declaration of Common\Model\TieZiModel::add() should be compatible with Think\Model::add($data = '', $options = Array, $replace = false) /Applications/MAMP/htdocs/angularjs2/Application/Common/Model/TieZiModel.class.php 第 12 行.
SQL: SHOW COLUMNS FROM `bbs_tiezi` [ RunTime:0.0017s ]
SQL: SHOW COLUMNS FROM `bbs_tiezi` [ RunTime:0.0009s ]
SQL: SELECT t.*,u.name FROM bbs_tiezi as t LEFT JOIN bbs_user as u ON t.user_id = u.id  ORDER BY create_time desc LIMIT 3,3   [ RunTime:0.0003s ]
SQL: SHOW COLUMNS FROM `bbs_tiezi` [ RunTime:0.0009s ]
SQL: SELECT COUNT(*) AS tp_count FROM `bbs_tiezi` LIMIT 1   [ RunTime:0.0003s ]

[ 2016-03-10T17:15:36+08:00 ] ::1 /angularjs2/index.php/Home/Index/tieList
INFO: [ app_init ] --START--
INFO: Run Behavior\BuildLiteBehavior [ RunTime:0.000022s ]
INFO: [ app_init ] --END-- [ RunTime:0.000358s ]
INFO: [ app_begin ] --START--
INFO: Run Behavior\ReadHtmlCacheBehavior [ RunTime:0.000398s ]
INFO: [ app_begin ] --END-- [ RunTime:0.000489s ]
NOTIC: [2048] Declaration of Common\Model\TieZiModel::add() should be compatible with Think\Model::add($data = '', $options = Array, $replace = false) /Applications/MAMP/htdocs/angularjs2/Application/Common/Model/TieZiModel.class.php 第 12 行.
SQL: SHOW COLUMNS FROM `bbs_tiezi` [ RunTime:0.0016s ]
SQL: SHOW COLUMNS FROM `bbs_tiezi` [ RunTime:0.0009s ]
SQL: SELECT t.*,u.name FROM bbs_tiezi as t LEFT JOIN bbs_user as u ON t.user_id = u.id  ORDER BY create_time desc LIMIT 6,3   [ RunTime:0.0003s ]
SQL: SHOW COLUMNS FROM `bbs_tiezi` [ RunTime:0.0008s ]
SQL: SELECT COUNT(*) AS tp_count FROM `bbs_tiezi` LIMIT 1   [ RunTime:0.0002s ]

[ 2016-03-10T17:15:38+08:00 ] ::1 /angularjs2/index.php/Home/Index/tieList
INFO: [ app_init ] --START--
INFO: Run Behavior\BuildLiteBehavior [ RunTime:0.000022s ]
INFO: [ app_init ] --END-- [ RunTime:0.000362s ]
INFO: [ app_begin ] --START--
INFO: Run Behavior\ReadHtmlCacheBehavior [ RunTime:0.000401s ]
INFO: [ app_begin ] --END-- [ RunTime:0.000492s ]
NOTIC: [2048] Declaration of Common\Model\TieZiModel::add() should be compatible with Think\Model::add($data = '', $options = Array, $replace = false) /Applications/MAMP/htdocs/angularjs2/Application/Common/Model/TieZiModel.class.php 第 12 行.
SQL: SHOW COLUMNS FROM `bbs_tiezi` [ RunTime:0.0018s ]
SQL: SHOW COLUMNS FROM `bbs_tiezi` [ RunTime:0.0008s ]
SQL: SELECT t.*,u.name FROM bbs_tiezi as t LEFT JOIN bbs_user as u ON t.user_id = u.id  ORDER BY create_time desc LIMIT 9,3   [ RunTime:0.0003s ]
SQL: SHOW COLUMNS FROM `bbs_tiezi` [ RunTime:0.0009s ]
SQL: SELECT COUNT(*) AS tp_count FROM `bbs_tiezi` LIMIT 1   [ RunTime:0.0002s ]

[ 2016-03-10T17:15:39+08:00 ] ::1 /angularjs2/index.php/Home/Index/tieList
INFO: [ app_init ] --START--
INFO: Run Behavior\BuildLiteBehavior [ RunTime:0.000023s ]
INFO: [ app_init ] --END-- [ RunTime:0.000392s ]
INFO: [ app_begin ] --START--
INFO: Run Behavior\ReadHtmlCacheBehavior [ RunTime:0.000404s ]
INFO: [ app_begin ] --END-- [ RunTime:0.000498s ]
NOTIC: [2048] Declaration of Common\Model\TieZiModel::add() should be compatible with Think\Model::add($data = '', $options = Array, $replace = false) /Applications/MAMP/htdocs/angularjs2/Application/Common/Model/TieZiModel.class.php 第 12 行.
SQL: SHOW COLUMNS FROM `bbs_tiezi` [ RunTime:0.0015s ]
SQL: SHOW COLUMNS FROM `bbs_tiezi` [ RunTime:0.0009s ]
SQL: SELECT t.*,u.name FROM bbs_tiezi as t LEFT JOIN bbs_user as u ON t.user_id = u.id  ORDER BY create_time desc LIMIT 12,3   [ RunTime:0.0003s ]
SQL: SHOW COLUMNS FROM `bbs_tiezi` [ RunTime:0.0008s ]
SQL: SELECT COUNT(*) AS tp_count FROM `bbs_tiezi` LIMIT 1   [ RunTime:0.0002s ]

[ 2016-03-10T17:15:40+08:00 ] ::1 /angularjs2/index.php/Home/Index/tieList
INFO: [ app_init ] --START--
INFO: Run Behavior\BuildLiteBehavior [ RunTime:0.000023s ]
INFO: [ app_init ] --END-- [ RunTime:0.000370s ]
INFO: [ app_begin ] --START--
INFO: Run Behavior\ReadHtmlCacheBehavior [ RunTime:0.000465s ]
INFO: [ app_begin ] --END-- [ RunTime:0.000561s ]
NOTIC: [2048] Declaration of Common\Model\TieZiModel::add() should be compatible with Think\Model::add($data = '', $options = Array, $replace = false) /Applications/MAMP/htdocs/angularjs2/Application/Common/Model/TieZiModel.class.php 第 12 行.
SQL: SHOW COLUMNS FROM `bbs_tiezi` [ RunTime:0.0017s ]
SQL: SHOW COLUMNS FROM `bbs_tiezi` [ RunTime:0.0009s ]
SQL: SELECT t.*,u.name FROM bbs_tiezi as t LEFT JOIN bbs_user as u ON t.user_id = u.id  ORDER BY create_time desc LIMIT 15,3   [ RunTime:0.0003s ]
SQL: SHOW COLUMNS FROM `bbs_tiezi` [ RunTime:0.0018s ]
SQL: SELECT COUNT(*) AS tp_count FROM `bbs_tiezi` LIMIT 1   [ RunTime:0.0002s ]

[ 2016-03-10T17:15:40+08:00 ] ::1 /angularjs2/index.php/Home/Index/tieList
INFO: [ app_init ] --START--
INFO: Run Behavior\BuildLiteBehavior [ RunTime:0.000024s ]
INFO: [ app_init ] --END-- [ RunTime:0.000371s ]
INFO: [ app_begin ] --START--
INFO: Run Behavior\ReadHtmlCacheBehavior [ RunTime:0.000421s ]
INFO: [ app_begin ] --END-- [ RunTime:0.000538s ]
NOTIC: [2048] Declaration of Common\Model\TieZiModel::add() should be compatible with Think\Model::add($data = '', $options = Array, $replace = false) /Applications/MAMP/htdocs/angularjs2/Application/Common/Model/TieZiModel.class.php 第 12 行.
SQL: SHOW COLUMNS FROM `bbs_tiezi` [ RunTime:0.0018s ]
SQL: SHOW COLUMNS FROM `bbs_tiezi` [ RunTime:0.0008s ]
SQL: SELECT t.*,u.name FROM bbs_tiezi as t LEFT JOIN bbs_user as u ON t.user_id = u.id  ORDER BY create_time desc LIMIT 18,3   [ RunTime:0.0003s ]
SQL: SHOW COLUMNS FROM `bbs_tiezi` [ RunTime:0.0010s ]
SQL: SELECT COUNT(*) AS tp_count FROM `bbs_tiezi` LIMIT 1   [ RunTime:0.0002s ]

[ 2016-03-10T17:39:48+08:00 ] 127.0.0.1 /angularjs2/index.php/Home/Index/index
INFO: [ app_init ] --START--
INFO: Run Behavior\BuildLiteBehavior [ RunTime:0.000000s ]
INFO: [ app_init ] --END-- [ RunTime:0.001000s ]
INFO: [ app_begin ] --START--
INFO: Run Behavior\ReadHtmlCacheBehavior [ RunTime:0.000000s ]
INFO: [ app_begin ] --END-- [ RunTime:0.001000s ]
INFO: [ view_parse ] --START--
INFO: [ template_filter ] --START--
INFO: Run Behavior\ContentReplaceBehavior [ RunTime:0.000000s ]
INFO: [ template_filter ] --END-- [ RunTime:0.001000s ]
INFO: Run Behavior\ParseTemplateBehavior [ RunTime:0.005000s ]
INFO: [ view_parse ] --END-- [ RunTime:0.006000s ]
INFO: [ view_filter ] --START--
INFO: Run Behavior\WriteHtmlCacheBehavior [ RunTime:0.001000s ]
INFO: [ view_filter ] --END-- [ RunTime:0.001000s ]
INFO: [ app_end ] --START--
INFO: Run Behavior\ShowPageTraceBehavior [ RunTime:0.001000s ]
INFO: [ app_end ] --END-- [ RunTime:0.001000s ]

[ 2016-03-10T17:39:49+08:00 ] 127.0.0.1 /angularjs2/index.php/Home/Index/tieList
INFO: [ app_init ] --START--
INFO: Run Behavior\BuildLiteBehavior [ RunTime:0.000000s ]
INFO: [ app_init ] --END-- [ RunTime:0.000000s ]
INFO: [ app_begin ] --START--
INFO: Run Behavior\ReadHtmlCacheBehavior [ RunTime:0.000000s ]
INFO: [ app_begin ] --END-- [ RunTime:0.001000s ]
NOTIC: [2048] Declaration of Common\Model\TieZiModel::add() should be compatible with Think\Model::add($data = '', $options = Array, $replace = false) D:\wamp\www\angularjs2\Application\Common\Model\TieZiModel.class.php 第 12 行.
SQL: SHOW COLUMNS FROM `bbs_tiezi` [ RunTime:0.0030s ]
SQL: SHOW COLUMNS FROM `bbs_tiezi` [ RunTime:0.0030s ]
SQL: SELECT t.*,u.name FROM bbs_tiezi as t LEFT JOIN bbs_user as u ON t.user_id = u.id  ORDER BY create_time desc LIMIT 0,3   [ RunTime:0.0010s ]
SQL: SHOW COLUMNS FROM `bbs_tiezi` [ RunTime:0.0020s ]
SQL: SELECT COUNT(*) AS tp_count FROM `bbs_tiezi` LIMIT 1   [ RunTime:0.0000s ]

[ 2016-03-10T17:39:49+08:00 ] 127.0.0.1 /angularjs2/index.php/Home/Index/tieList
INFO: [ app_init ] --START--
INFO: Run Behavior\BuildLiteBehavior [ RunTime:0.000000s ]
INFO: [ app_init ] --END-- [ RunTime:0.001000s ]
INFO: [ app_begin ] --START--
INFO: Run Behavior\ReadHtmlCacheBehavior [ RunTime:0.000000s ]
INFO: [ app_begin ] --END-- [ RunTime:0.001000s ]
NOTIC: [2048] Declaration of Common\Model\TieZiModel::add() should be compatible with Think\Model::add($data = '', $options = Array, $replace = false) D:\wamp\www\angularjs2\Application\Common\Model\TieZiModel.class.php 第 12 行.
SQL: SHOW COLUMNS FROM `bbs_tiezi` [ RunTime:0.0020s ]
SQL: SHOW COLUMNS FROM `bbs_tiezi` [ RunTime:0.0020s ]
SQL: SELECT t.*,u.name FROM bbs_tiezi as t LEFT JOIN bbs_user as u ON t.user_id = u.id  ORDER BY create_time desc LIMIT 0,3   [ RunTime:0.0010s ]
SQL: SHOW COLUMNS FROM `bbs_tiezi` [ RunTime:0.0030s ]
SQL: SELECT COUNT(*) AS tp_count FROM `bbs_tiezi` LIMIT 1   [ RunTime:0.0010s ]

[ 2016-03-10T17:39:50+08:00 ] 127.0.0.1 /angularjs2/index.php/Home/Index/index
INFO: [ app_init ] --START--
INFO: Run Behavior\BuildLiteBehavior [ RunTime:0.000000s ]
INFO: [ app_init ] --END-- [ RunTime:0.001001s ]
INFO: [ app_begin ] --START--
INFO: Run Behavior\ReadHtmlCacheBehavior [ RunTime:0.001000s ]
INFO: [ app_begin ] --END-- [ RunTime:0.001000s ]
INFO: [ view_parse ] --START--
INFO: [ template_filter ] --START--
INFO: Run Behavior\ContentReplaceBehavior [ RunTime:0.000000s ]
INFO: [ template_filter ] --END-- [ RunTime:0.001001s ]
INFO: Run Behavior\ParseTemplateBehavior [ RunTime:0.011001s ]
INFO: [ view_parse ] --END-- [ RunTime:0.011001s ]
INFO: [ view_filter ] --START--
INFO: Run Behavior\WriteHtmlCacheBehavior [ RunTime:0.000000s ]
INFO: [ view_filter ] --END-- [ RunTime:0.001000s ]
INFO: [ app_end ] --START--
INFO: Run Behavior\ShowPageTraceBehavior [ RunTime:0.001000s ]
INFO: [ app_end ] --END-- [ RunTime:0.001000s ]

[ 2016-03-10T17:39:50+08:00 ] 127.0.0.1 /angularjs2/index.php/Home/Index/tieList
INFO: [ app_init ] --START--
INFO: Run Behavior\BuildLiteBehavior [ RunTime:0.000000s ]
INFO: [ app_init ] --END-- [ RunTime:0.001000s ]
INFO: [ app_begin ] --START--
INFO: Run Behavior\ReadHtmlCacheBehavior [ RunTime:0.000000s ]
INFO: [ app_begin ] --END-- [ RunTime:0.001000s ]
NOTIC: [2048] Declaration of Common\Model\TieZiModel::add() should be compatible with Think\Model::add($data = '', $options = Array, $replace = false) D:\wamp\www\angularjs2\Application\Common\Model\TieZiModel.class.php 第 12 行.
SQL: SHOW COLUMNS FROM `bbs_tiezi` [ RunTime:0.0020s ]
SQL: SHOW COLUMNS FROM `bbs_tiezi` [ RunTime:0.0030s ]
SQL: SELECT t.*,u.name FROM bbs_tiezi as t LEFT JOIN bbs_user as u ON t.user_id = u.id  ORDER BY create_time desc LIMIT 0,3   [ RunTime:0.0000s ]
SQL: SHOW COLUMNS FROM `bbs_tiezi` [ RunTime:0.0020s ]
SQL: SELECT COUNT(*) AS tp_count FROM `bbs_tiezi` LIMIT 1   [ RunTime:0.0000s ]

[ 2016-03-10T17:39:50+08:00 ] 127.0.0.1 /angularjs2/index.php/Home/Index/tieList
INFO: [ app_init ] --START--
INFO: Run Behavior\BuildLiteBehavior [ RunTime:0.000000s ]
INFO: [ app_init ] --END-- [ RunTime:0.000000s ]
INFO: [ app_begin ] --START--
INFO: Run Behavior\ReadHtmlCacheBehavior [ RunTime:0.001000s ]
INFO: [ app_begin ] --END-- [ RunTime:0.001000s ]
NOTIC: [2048] Declaration of Common\Model\TieZiModel::add() should be compatible with Think\Model::add($data = '', $options = Array, $replace = false) D:\wamp\www\angularjs2\Application\Common\Model\TieZiModel.class.php 第 12 行.
SQL: SHOW COLUMNS FROM `bbs_tiezi` [ RunTime:0.0020s ]
SQL: SHOW COLUMNS FROM `bbs_tiezi` [ RunTime:0.0020s ]
SQL: SELECT t.*,u.name FROM bbs_tiezi as t LEFT JOIN bbs_user as u ON t.user_id = u.id  ORDER BY create_time desc LIMIT 0,3   [ RunTime:0.0000s ]
SQL: SHOW COLUMNS FROM `bbs_tiezi` [ RunTime:0.0020s ]
SQL: SELECT COUNT(*) AS tp_count FROM `bbs_tiezi` LIMIT 1   [ RunTime:0.0000s ]

[ 2016-03-10T17:39:50+08:00 ] 127.0.0.1 /angularjs2/index.php/Home/Index/index
INFO: [ app_init ] --START--
INFO: Run Behavior\BuildLiteBehavior [ RunTime:0.000000s ]
INFO: [ app_init ] --END-- [ RunTime:0.001000s ]
INFO: [ app_begin ] --START--
INFO: Run Behavior\ReadHtmlCacheBehavior [ RunTime:0.001000s ]
INFO: [ app_begin ] --END-- [ RunTime:0.001000s ]
INFO: [ view_parse ] --START--
INFO: [ template_filter ] --START--
INFO: Run Behavior\ContentReplaceBehavior [ RunTime:0.000000s ]
INFO: [ template_filter ] --END-- [ RunTime:0.000000s ]
INFO: Run Behavior\ParseTemplateBehavior [ RunTime:0.006001s ]
INFO: [ view_parse ] --END-- [ RunTime:0.006001s ]
INFO: [ view_filter ] --START--
INFO: Run Behavior\WriteHtmlCacheBehavior [ RunTime:0.000000s ]
INFO: [ view_filter ] --END-- [ RunTime:0.000000s ]
INFO: [ app_end ] --START--
INFO: Run Behavior\ShowPageTraceBehavior [ RunTime:0.001000s ]
INFO: [ app_end ] --END-- [ RunTime:0.001000s ]

[ 2016-03-10T17:39:51+08:00 ] 127.0.0.1 /angularjs2/index.php/Home/Index/tieList
INFO: [ app_init ] --START--
INFO: Run Behavior\BuildLiteBehavior [ RunTime:0.000000s ]
INFO: [ app_init ] --END-- [ RunTime:0.001000s ]
INFO: [ app_begin ] --START--
INFO: Run Behavior\ReadHtmlCacheBehavior [ RunTime:0.000000s ]
INFO: [ app_begin ] --END-- [ RunTime:0.001000s ]
NOTIC: [2048] Declaration of Common\Model\TieZiModel::add() should be compatible with Think\Model::add($data = '', $options = Array, $replace = false) D:\wamp\www\angularjs2\Application\Common\Model\TieZiModel.class.php 第 12 行.
SQL: SHOW COLUMNS FROM `bbs_tiezi` [ RunTime:0.0030s ]
SQL: SHOW COLUMNS FROM `bbs_tiezi` [ RunTime:0.0030s ]
SQL: SELECT t.*,u.name FROM bbs_tiezi as t LEFT JOIN bbs_user as u ON t.user_id = u.id  ORDER BY create_time desc LIMIT 0,3   [ RunTime:0.0010s ]
SQL: SHOW COLUMNS FROM `bbs_tiezi` [ RunTime:0.0020s ]
SQL: SELECT COUNT(*) AS tp_count FROM `bbs_tiezi` LIMIT 1   [ RunTime:0.0000s ]

[ 2016-03-10T17:39:51+08:00 ] 127.0.0.1 /angularjs2/index.php/Home/Index/tieList
INFO: [ app_init ] --START--
INFO: Run Behavior\BuildLiteBehavior [ RunTime:0.000000s ]
INFO: [ app_init ] --END-- [ RunTime:0.001000s ]
INFO: [ app_begin ] --START--
INFO: Run Behavior\ReadHtmlCacheBehavior [ RunTime:0.000000s ]
INFO: [ app_begin ] --END-- [ RunTime:0.000000s ]
NOTIC: [2048] Declaration of Common\Model\TieZiModel::add() should be compatible with Think\Model::add($data = '', $options = Array, $replace = false) D:\wamp\www\angularjs2\Application\Common\Model\TieZiModel.class.php 第 12 行.
SQL: SHOW COLUMNS FROM `bbs_tiezi` [ RunTime:0.0040s ]
SQL: SHOW COLUMNS FROM `bbs_tiezi` [ RunTime:0.0020s ]
SQL: SELECT t.*,u.name FROM bbs_tiezi as t LEFT JOIN bbs_user as u ON t.user_id = u.id  ORDER BY create_time desc LIMIT 0,3   [ RunTime:0.0000s ]
SQL: SHOW COLUMNS FROM `bbs_tiezi` [ RunTime:0.0020s ]
SQL: SELECT COUNT(*) AS tp_count FROM `bbs_tiezi` LIMIT 1   [ RunTime:0.0000s ]

[ 2016-03-10T17:39:53+08:00 ] 127.0.0.1 /angularjs2/index.php/Home/Index/tieList
INFO: [ app_init ] --START--
INFO: Run Behavior\BuildLiteBehavior [ RunTime:0.000000s ]
INFO: [ app_init ] --END-- [ RunTime:0.001000s ]
INFO: [ app_begin ] --START--
INFO: Run Behavior\ReadHtmlCacheBehavior [ RunTime:0.001001s ]
INFO: [ app_begin ] --END-- [ RunTime:0.002001s ]
NOTIC: [2048] Declaration of Common\Model\TieZiModel::add() should be compatible with Think\Model::add($data = '', $options = Array, $replace = false) D:\wamp\www\angularjs2\Application\Common\Model\TieZiModel.class.php 第 12 行.
SQL: SHOW COLUMNS FROM `bbs_tiezi` [ RunTime:0.0030s ]
SQL: SHOW COLUMNS FROM `bbs_tiezi` [ RunTime:0.0020s ]
SQL: SELECT t.*,u.name FROM bbs_tiezi as t LEFT JOIN bbs_user as u ON t.user_id = u.id  ORDER BY create_time desc LIMIT 3,3   [ RunTime:0.0000s ]
SQL: SHOW COLUMNS FROM `bbs_tiezi` [ RunTime:0.0030s ]
SQL: SELECT COUNT(*) AS tp_count FROM `bbs_tiezi` LIMIT 1   [ RunTime:0.0000s ]

